/nfsexp/homes/m_zhen01/phenix-installer-dev-2497/phenix-dev-2497/build/lib:/nfsexp/homes/m_zhen01/phenix-installer-dev-2497/phenix-dev-2497/build/../base/lib64:/nfsexp/homes/m_zhen01/phenix-installer-dev-2497/phenix-dev-2497/build/../base/lib:/home/m/m_zhen01/my_gromacs_4.6/lib:/home/m/m_zhen01:/home/m/m_zhen01/TeraChem1.9/TeraChem/lib:/usr/qc/cuda-7.5/lib64:/usr/qc/cuda-7.5/lib:/home/m/m_zhen01/my_gromacs_4.6/lib:/home/m/m_zhen01:/home/m/m_zhen01/TeraChem1.9/TeraChem/lib:/usr/qc/cuda-7.5/lib64:/usr/qc/cuda-7.5/lib:/usr/qc/openmpi-1.6.3/lib:/usr/qc/cuda-7.5/lib64:/usr/qc/cuda-7.5/lib:/home/m/m_zhen01/pyscf_exe/pyscf/lib/deps/lib:/lib:/lib64:/home/m/m_zhen01/MOPAC2016_for_Linux_64_bit:/home/m/m_zhen01/MOPAC2016_for_Linux_64_bit/Linux_mopac_cuda_5.5_libs/mopac_cuda_5.5_libs:=/home/m/m_zhen01/jdk1.8.0_91/jre/lib/amd64:=/home/m/m_zhen01/jdk1.8.0_91/jre/lib/amd64/server:/home/m/m_zhen01/phenix_babel/lib:/usr/qc/openmpi-1.6.3/lib:/usr/qc/cuda-7.5/lib64:/usr/qc/cuda-7.5/lib:/home/m/m_zhen01/pyscf_exe/pyscf/lib/deps/lib:/lib:/lib64:/home/m/m_zhen01/MOPAC2016_for_Linux_64_bit:/home/m/m_zhen01/MOPAC2016_for_Linux_64_bit/Linux_mopac_cuda_5.5_libs/mopac_cuda_5.5_libs:=/home/m/m_zhen01/jdk1.8.0_91/jre/lib/amd64:=/home/m/m_zhen01/jdk1.8.0_91/jre/lib/amd64/server:/home/m/m_zhen01/phenix_babel/lib
/nfsexp/homes/m_zhen01/phenix-installer-dev-2497/phenix-dev-2497/build/../modules/cctbx_project:/nfsexp/homes/m_zhen01/phenix-installer-dev-2497/phenix-dev-2497/build/../modules:/nfsexp/homes/m_zhen01/phenix-installer-dev-2497/phenix-dev-2497/build/../modules/phenix:/nfsexp/homes/m_zhen01/phenix-installer-dev-2497/phenix-dev-2497/build/../modules/reel:/nfsexp/homes/m_zhen01/phenix-installer-dev-2497/phenix-dev-2497/build/../modules/phaser:/nfsexp/homes/m_zhen01/phenix-installer-dev-2497/phenix-dev-2497/build/../modules/tntbx:/nfsexp/homes/m_zhen01/phenix-installer-dev-2497/phenix-dev-2497/build/../modules/elbow:/nfsexp/homes/m_zhen01/phenix-installer-dev-2497/phenix-dev-2497/build/../modules/PyQuante:/nfsexp/homes/m_zhen01/phenix-installer-dev-2497/phenix-dev-2497/build/../modules/cctbx_project/boost_adaptbx:/nfsexp/homes/m_zhen01/phenix-installer-dev-2497/phenix-dev-2497/build/../modules/cctbx_project/libtbx/pythonpath:/nfsexp/homes/m_zhen01/phenix-installer-dev-2497/phenix-dev-2497/build/lib:/home/m/m_zhen01/pyscf_exe::/home/m/m_zhen01/JPype1-0.6.0-phenix/lib/python2.7/site-packages/:/home/m/m_zhen01/Girvan-Newman/:/home/m/m_zhen01/pymol/modules:/home/m/m_zhen01/my_numpy:/home/m/m_zhen01/my_numpy/lib64/python2.7/site-packages:/home/m/m_zhen01/phenix_babel/lib64/python2.7/site-packages
run 2jee.pdb

  Output written to: 2jee_no_alt_loc.pdb
TARDY: cannot create tardy model for:  VAL        (corrupted residue). Skipping it.
TARDY: cannot create tardy model for:  VAL        (corrupted residue). Skipping it.
TARDY: cannot create tardy model for:  VAL        (corrupted residue). Skipping it.
TARDY: cannot create tardy model for:  VAL        (corrupted residue). Skipping it.
"ATOM   1326  N   LEU B   5 .*.     N  "
"ATOM   1327  CA  LEU B   5 .*.     C  "
"ATOM   1328  C   LEU B   5 .*.     C  "
"ATOM   1329  O   LEU B   5 .*.     O  "
"ATOM   1330  CB  LEU B   5 .*.     C  "
"ATOM   1331  CG  LEU B   5 .*.     C  "
"ATOM   1332  CD1 LEU B   5 .*.     C  "
"ATOM   1333  CD2 LEU B   5 .*.     C  "
"ATOM   1334  H   LEU B   5 .*.     H  "
"ATOM   1335  HA  LEU B   5 .*.     H  "
"ATOM   1336  HB2 LEU B   5 .*.     H  "
"ATOM   1337  HB3 LEU B   5 .*.     H  "
"ATOM   1338  HG  LEU B   5 .*.     H  "
"ATOM   1339 HD11 LEU B   5 .*.     H  "
"ATOM   1340 HD12 LEU B   5 .*.     H  "
"ATOM   1341 HD13 LEU B   5 .*.     H  "
"ATOM   1342 HD21 LEU B   5 .*.     H  "
"ATOM   1343 HD22 LEU B   5 .*.     H  "
"ATOM   1344 HD23 LEU B   5 .*.     H  "
