/nfsexp/homes/m_zhen01/phenix-installer-dev-2497/phenix-dev-2497/build/lib:/nfsexp/homes/m_zhen01/phenix-installer-dev-2497/phenix-dev-2497/build/../base/lib64:/nfsexp/homes/m_zhen01/phenix-installer-dev-2497/phenix-dev-2497/build/../base/lib:/home/m/m_zhen01/my_gromacs_4.6/lib:/home/m/m_zhen01:/home/m/m_zhen01/TeraChem1.9/TeraChem/lib:/usr/qc/cuda-7.5/lib64:/usr/qc/cuda-7.5/lib:/usr/lib64/mpi/gcc/openmpi/lib64:/usr/qc/openmpi-1.8.8/lib64:/usr/qc/cuda-7.5/lib64:/usr/qc/cuda-7.5/lib:/home/m/m_zhen01/pyscf_exe/pyscf/lib/deps/lib:/lib:/lib64:/home/m/m_zhen01/MOPAC2016_for_Linux_64_bit:/home/m/m_zhen01/MOPAC2016_for_Linux_64_bit/Linux_mopac_cuda_5.5_libs/mopac_cuda_5.5_libs:=/home/m/m_zhen01/jdk1.8.0_91/jre/lib/amd64:=/home/m/m_zhen01/jdk1.8.0_91/jre/lib/amd64/server:/home/m/m_zhen01/phenix_babel/lib:/usr/qc/openmpi-1.8.8/lib64
/nfsexp/homes/m_zhen01/phenix-installer-dev-2497/phenix-dev-2497/build/../modules/cctbx_project:/nfsexp/homes/m_zhen01/phenix-installer-dev-2497/phenix-dev-2497/build/../modules:/nfsexp/homes/m_zhen01/phenix-installer-dev-2497/phenix-dev-2497/build/../modules/phenix:/nfsexp/homes/m_zhen01/phenix-installer-dev-2497/phenix-dev-2497/build/../modules/reel:/nfsexp/homes/m_zhen01/phenix-installer-dev-2497/phenix-dev-2497/build/../modules/phaser:/nfsexp/homes/m_zhen01/phenix-installer-dev-2497/phenix-dev-2497/build/../modules/tntbx:/nfsexp/homes/m_zhen01/phenix-installer-dev-2497/phenix-dev-2497/build/../modules/elbow:/nfsexp/homes/m_zhen01/phenix-installer-dev-2497/phenix-dev-2497/build/../modules/PyQuante:/nfsexp/homes/m_zhen01/phenix-installer-dev-2497/phenix-dev-2497/build/../modules/cctbx_project/boost_adaptbx:/nfsexp/homes/m_zhen01/phenix-installer-dev-2497/phenix-dev-2497/build/../modules/cctbx_project/libtbx/pythonpath:/nfsexp/homes/m_zhen01/phenix-installer-dev-2497/phenix-dev-2497/build/lib:/home/m/m_zhen01/pyscf_exe::/home/m/m_zhen01/JPype1-0.6.0-phenix/lib/python2.7/site-packages/:/home/m/m_zhen01/Girvan-Newman/:/home/m/m_zhen01/pymol/modules:/home/m/m_zhen01/my_numpy:/home/m/m_zhen01/my_numpy/lib64/python2.7/site-packages:/home/m/m_zhen01/phenix_babel/lib64/python2.7/site-packages
run 2oeq.pdb
"ATOM     15  H1  GLU A   3 .*.     H  "
"ATOM     16  H2  GLU A   3 .*.     H  "
"ATOM     17  H3  GLU A   3 .*.     H  "
"ATOM     12  HB3 GLU A   3 .*.     H  "
"ATOM     14  HG3 GLU A   3 .*.     H  "
"ATOM     27  HB3 PRO A   4 .*.     H  "
"ATOM     29  HG3 PRO A   4 .*.     H  "
"ATOM     31  HD3 PRO A   4 .*.     H  "
"ATOM     43  HB3 LEU A   5 .*.     H  "
"ATOM     64  HB3 HIS A   6 .*.     H  "
"ATOM     89  HB3 LEU A   8 .*.     H  "
"ATOM    121  HB3 ARG A  10 .*.     H  "
"ATOM    123  HG3 ARG A  10 .*.     H  "
"ATOM    125  HD3 ARG A  10 .*.     H  "
"ATOM    143  HB3 GLN A  11 .*.     H  "
"ATOM    145  HG3 GLN A  11 .*.     H  "
"ATOM    159  HB3 LEU A  12 .*.     H  "
"ATOM    179  HB3 GLU A  13 .*.     H  "
"ATOM    181  HG3 GLU A  13 .*.     H  "
"ATOM    194  HB3 GLN A  14 .*.     H  "
"ATOM    196  HG3 GLN A  14 .*.     H  "
"ATOM    221 HG13 ILE A  16 .*.     H  "
"ATOM    242  HB3 ARG A  17 .*.     H  "
"ATOM    244  HG3 ARG A  17 .*.     H  "
"ATOM    246  HD3 ARG A  17 .*.     H  "
"ATOM    271  HB3 SER A  19 .*.     H  "
"ATOM    285  HB3 GLU A  20 .*.     H  "
"ATOM    287  HG3 GLU A  20 .*.     H  "
"ATOM    297  HB3 PRO A  21 .*.     H  "
"ATOM    299  HG3 PRO A  21 .*.     H  "
"ATOM    301  HD3 PRO A  21 .*.     H  "
"ATOM    316  HB3 PHE A  22 .*.     H  "
"ATOM    334  HB3 GLN A  23 .*.     H  "
"ATOM    336  HG3 GLN A  23 .*.     H  "
"ATOM    351  HB3 GLN A  24 .*.     H  "
"ATOM    353  HG3 GLN A  24 .*.     H  "
"ATOM    367  HB3 LEU A  25 .*.     H  "
"ATOM    387  HB3 LYS A  26 .*.     H  "
"ATOM    389  HG3 LYS A  26 .*.     H  "
"ATOM    391  HD3 LYS A  26 .*.     H  "
"ATOM    393  HE3 LYS A  26 .*.     H  "
"ATOM    411  HB3 ARG A  27 .*.     H  "
"ATOM    413  HG3 ARG A  27 .*.     H  "
"ATOM    415  HD3 ARG A  27 .*.     H  "
"ATOM    446  HB3 TYR A  29 .*.     H  "
"ATOM    464  HB3 GLU A  30 .*.     H  "
"ATOM    466  HG3 GLU A  30 .*.     H  "
"ATOM    478  HB3 ASP A  31 .*.     H  "
"ATOM    509  HB3 ARG A  33 .*.     H  "
"ATOM    511  HG3 ARG A  33 .*.     H  "
"ATOM    513  HD3 ARG A  33 .*.     H  "
"ATOM    533  HB3 ARG A  34 .*.     H  "
"ATOM    535  HG3 ARG A  34 .*.     H  "
"ATOM    537  HD3 ARG A  34 .*.     H  "
"ATOM    554  HB3 ASP A  35 .*.     H  "
"ATOM    567  HB3 GLU A  36 .*.     H  "
"ATOM    569  HG3 GLU A  36 .*.     H  "
"ATOM    609  HB3 TYR A  39 .*.     H  "
"ATOM    629  HB3 ARG A  40 .*.     H  "
"ATOM    631  HG3 ARG A  40 .*.     H  "
"ATOM    633  HD3 ARG A  40 .*.     H  "
"HETATM  650  HB3 MSE A  41 .*.     H  "
"HETATM  652  HG3 MSE A  41 .*.     H  "
"ATOM    670  HB3 PHE A  42 .*.     H  "
"ATOM    697  HB3 ASN A  44 .*.     H  "
"ATOM    730  HB3 ARG A  46 .*.     H  "
"ATOM    732  HG3 ARG A  46 .*.     H  "
"ATOM    734  HD3 ARG A  46 .*.     H  "
"ATOM    751  HB3 ASP A  47 .*.     H  "
"ATOM    764 HG13 ILE A  48 .*.     H  "
"ATOM    783  HB3 GLN A  49 .*.     H  "
"ATOM    785  HG3 GLN A  49 .*.     H  "
"ATOM    799  HB3 LEU A  50 .*.     H  "
"ATOM    821  HB3 ARG A  51 .*.     H  "
"ATOM    823  HG3 ARG A  51 .*.     H  "
"ATOM    825  HD3 ARG A  51 .*.     H  "
"ATOM    842  HB3 LEU A  52 .*.     H  "
"ATOM    863  HB3 HIS A  53 .*.     H  "
"ATOM    879  HB3 GLU A  54 .*.     H  "
"ATOM    881  HG3 GLU A  54 .*.     H  "
"ATOM    894  HB3 LYS A  55 .*.     H  "
"ATOM    896  HG3 LYS A  55 .*.     H  "
"ATOM    898  HD3 LYS A  55 .*.     H  "
"ATOM    900  HE3 LYS A  55 .*.     H  "
"ATOM    916  HB3 GLN A  56 .*.     H  "
"ATOM    918  HG3 GLN A  56 .*.     H  "
"HETATM  932  HB3 MSE A  57 .*.     H  "
"HETATM  934  HG3 MSE A  57 .*.     H  "
"ATOM    952  HB3 ARG A  58 .*.     H  "
"ATOM    954  HG3 ARG A  58 .*.     H  "
"ATOM    956  HD3 ARG A  58 .*.     H  "
"ATOM    968  HA3 GLY A  59 .*.     H  "
"ATOM   1001 HG13 ILE A  62 .*.     H  "
"ATOM   1019  HB3 LEU A  63 .*.     H  "
"ATOM   1036  HB3 PRO A  64 .*.     H  "
"ATOM   1038  HG3 PRO A  64 .*.     H  "
"ATOM   1040  HD3 PRO A  64 .*.     H  "
"ATOM   1052  HB3 ASP A  65 .*.     H  "
"ATOM   1065  HB3 GLU A  66 .*.     H  "
"ATOM   1067  HG3 GLU A  66 .*.     H  "
"ATOM   1080 HG13 ILE A  67 .*.     H  "
"ATOM   1099  HB3 GLU A  68 .*.     H  "
"ATOM   1101  HG3 GLU A  68 .*.     H  "
"ATOM   1114  HB3 GLN A  69 .*.     H  "
"ATOM   1116  HG3 GLN A  69 .*.     H  "
"ATOM   1141  HB3 GLN A  71 .*.     H  "
"ATOM   1143  HG3 GLN A  71 .*.     H  "
"ATOM   1158  HB3 LYS A  72 .*.     H  "
"ATOM   1160  HG3 LYS A  72 .*.     H  "
"ATOM   1162  HD3 LYS A  72 .*.     H  "
"ATOM   1164  HE3 LYS A  72 .*.     H  "
"HETATM 1189  HB3 MSE A  74 .*.     H  "
"HETATM 1191  HG3 MSE A  74 .*.     H  "
"ATOM   1216  HB3 LEU A  76 .*.     H  "
"ATOM   1246  HB3 GLN A  78 .*.     H  "
"ATOM   1248  HG3 GLN A  78 .*.     H  "
"ATOM   1263  HB3 GLN A  79 .*.     H  "
"ATOM   1265  HG3 GLN A  79 .*.     H  "
"ATOM   1279  HB3 ASN A  80 .*.     H  "
"ATOM   1294  HB3 GLU A  81 .*.     H  "
"ATOM   1296  HG3 GLU A  81 .*.     H  "
"ATOM   1309  HB3 LYS A  82 .*.     H  "
"ATOM   1311  HG3 LYS A  82 .*.     H  "
"ATOM   1313  HD3 LYS A  82 .*.     H  "
"ATOM   1315  HE3 LYS A  82 .*.     H  "
"ATOM   1330  HB3 LEU A  83 .*.     H  "
"ATOM   1362  HB3 ARG A  85 .*.     H  "
"ATOM   1364  HG3 ARG A  85 .*.     H  "
"ATOM   1366  HD3 ARG A  85 .*.     H  "
"ATOM   1383  HB3 LEU A  86 .*.     H  "
"HETATM 1402  HB3 MSE A  87 .*.     H  "
"HETATM 1404  HG3 MSE A  87 .*.     H  "
"ATOM   1429  HB3 LEU A  89 .*.     H  "
"ATOM   1449  HB3 GLU A  90 .*.     H  "
"ATOM   1451  HG3 GLU A  90 .*.     H  "
"ATOM   1464  HB3 GLN A  91 .*.     H  "
"ATOM   1466  HG3 GLN A  91 .*.     H  "
"ATOM   1481  HB3 GLN A  92 .*.     H  "
"ATOM   1483  HG3 GLN A  92 .*.     H  "
"HETATM 1497  HB3 MSE A  93 .*.     H  "
"HETATM 1499  HG3 MSE A  93 .*.     H  "
"ATOM   1512  HB3 SER A  94 .*.     H  "
"ATOM   1526 HG13 ILE A  95 .*.     H  "
"ATOM   1559 HG13 ILE A  97 .*.     H  "
"ATOM   1588  HB3 GLU A  99 .*.     H  "
"ATOM   1590  HG3 GLU A  99 .*.     H  "
"ATOM   1619  HB3 GLN A 101 .*.     H  "
"ATOM   1621  HG3 GLN A 101 .*.     H  "
"ATOM   1636  HB3 GLN A 102 .*.     H  "
"ATOM   1638  HG3 GLN A 102 .*.     H  "
"ATOM   1653 HG13 ILE A 103 .*.     H  "
"HETATM 1681  HB3 MSE A 105 .*.     H  "
"HETATM 1683  HG3 MSE A 105 .*.     H  "
"ATOM   1699  HB3 LYS A 106 .*.     H  "
"ATOM   1701  HG3 LYS A 106 .*.     H  "
"ATOM   1703  HD3 LYS A 106 .*.     H  "
"ATOM   1705  HE3 LYS A 106 .*.     H  "
"ATOM   1718  HB3 PRO A 107 .*.     H  "
"ATOM   1720  HG3 PRO A 107 .*.     H  "
"ATOM   1722  HD3 PRO A 107 .*.     H  "
"ATOM   1734  HB3 LEU A 108 .*.     H  "
"ATOM   1754  HB3 GLU A 109 .*.     H  "
"ATOM   1756  HG3 GLU A 109 .*.     H  "
"ATOM   1769  HB3 GLU A 110 .*.     H  "
"ATOM   1771  HG3 GLU A 110 .*.     H  "
"ATOM   1783  HB3 LEU A 111 .*.     H  "
"ATOM   1804  HB3 HIS A 112 .*.     H  "
"ATOM   1822  HB3 ARG A 113 .*.     H  "
"ATOM   1824  HG3 ARG A 113 .*.     H  "
"ATOM   1826  HD3 ARG A 113 .*.     H  "
"ATOM   1841  HB3 SER A 114 .*.     H  "
"ATOM   1863  OXT PHE A 115 .*.     O  "
"ATOM   1857  HB3 PHE A 115 .*.     H  "
"ATOM   1878  H1  GLU B   3 .*.     H  "
"ATOM   1879  H2  GLU B   3 .*.     H  "
"ATOM   1880  H3  GLU B   3 .*.     H  "
"ATOM   1875  HB3 GLU B   3 .*.     H  "
"ATOM   1877  HG3 GLU B   3 .*.     H  "
"ATOM   1890  HB3 PRO B   4 .*.     H  "
"ATOM   1892  HG3 PRO B   4 .*.     H  "
"ATOM   1894  HD3 PRO B   4 .*.     H  "
"ATOM   1906  HB3 LEU B   5 .*.     H  "
"ATOM   1927  HB3 HIS B   6 .*.     H  "
"ATOM   1952  HB3 LEU B   8 .*.     H  "
"ATOM   1984  HB3 ARG B  10 .*.     H  "
"ATOM   1986  HG3 ARG B  10 .*.     H  "
"ATOM   1988  HD3 ARG B  10 .*.     H  "
"ATOM   2006  HB3 GLN B  11 .*.     H  "
"ATOM   2008  HG3 GLN B  11 .*.     H  "
"ATOM   2022  HB3 LEU B  12 .*.     H  "
"ATOM   2042  HB3 GLU B  13 .*.     H  "
"ATOM   2044  HG3 GLU B  13 .*.     H  "
"ATOM   2057  HB3 GLN B  14 .*.     H  "
"ATOM   2059  HG3 GLN B  14 .*.     H  "
"ATOM   2084 HG13 ILE B  16 .*.     H  "
"ATOM   2105  HB3 ARG B  17 .*.     H  "
"ATOM   2107  HG3 ARG B  17 .*.     H  "
"ATOM   2109  HD3 ARG B  17 .*.     H  "
"ATOM   2134  HB3 SER B  19 .*.     H  "
"ATOM   2148  HB3 GLU B  20 .*.     H  "
"ATOM   2150  HG3 GLU B  20 .*.     H  "
"ATOM   2160  HB3 PRO B  21 .*.     H  "
"ATOM   2162  HG3 PRO B  21 .*.     H  "
"ATOM   2164  HD3 PRO B  21 .*.     H  "
"ATOM   2179  HB3 PHE B  22 .*.     H  "
"ATOM   2197  HB3 GLN B  23 .*.     H  "
"ATOM   2199  HG3 GLN B  23 .*.     H  "
"ATOM   2214  HB3 GLN B  24 .*.     H  "
"ATOM   2216  HG3 GLN B  24 .*.     H  "
"ATOM   2230  HB3 LEU B  25 .*.     H  "
"ATOM   2250  HB3 LYS B  26 .*.     H  "
"ATOM   2252  HG3 LYS B  26 .*.     H  "
"ATOM   2254  HD3 LYS B  26 .*.     H  "
"ATOM   2256  HE3 LYS B  26 .*.     H  "
"ATOM   2274  HB3 ARG B  27 .*.     H  "
"ATOM   2276  HG3 ARG B  27 .*.     H  "
"ATOM   2278  HD3 ARG B  27 .*.     H  "
"ATOM   2309  HB3 TYR B  29 .*.     H  "
"ATOM   2327  HB3 GLU B  30 .*.     H  "
"ATOM   2329  HG3 GLU B  30 .*.     H  "
"ATOM   2341  HB3 ASP B  31 .*.     H  "
"ATOM   2372  HB3 ARG B  33 .*.     H  "
"ATOM   2374  HG3 ARG B  33 .*.     H  "
"ATOM   2376  HD3 ARG B  33 .*.     H  "
"ATOM   2396  HB3 ARG B  34 .*.     H  "
"ATOM   2398  HG3 ARG B  34 .*.     H  "
"ATOM   2400  HD3 ARG B  34 .*.     H  "
"ATOM   2417  HB3 ASP B  35 .*.     H  "
"ATOM   2430  HB3 GLU B  36 .*.     H  "
"ATOM   2432  HG3 GLU B  36 .*.     H  "
"ATOM   2472  HB3 TYR B  39 .*.     H  "
"ATOM   2492  HB3 ARG B  40 .*.     H  "
"ATOM   2494  HG3 ARG B  40 .*.     H  "
"ATOM   2496  HD3 ARG B  40 .*.     H  "
"HETATM 2513  HB3 MSE B  41 .*.     H  "
"HETATM 2515  HG3 MSE B  41 .*.     H  "
"ATOM   2533  HB3 PHE B  42 .*.     H  "
"ATOM   2560  HB3 ASN B  44 .*.     H  "
"ATOM   2593  HB3 ARG B  46 .*.     H  "
"ATOM   2595  HG3 ARG B  46 .*.     H  "
"ATOM   2597  HD3 ARG B  46 .*.     H  "
"ATOM   2614  HB3 ASP B  47 .*.     H  "
"ATOM   2627 HG13 ILE B  48 .*.     H  "
"ATOM   2646  HB3 GLN B  49 .*.     H  "
"ATOM   2648  HG3 GLN B  49 .*.     H  "
"ATOM   2662  HB3 LEU B  50 .*.     H  "
"ATOM   2684  HB3 ARG B  51 .*.     H  "
"ATOM   2686  HG3 ARG B  51 .*.     H  "
"ATOM   2688  HD3 ARG B  51 .*.     H  "
"ATOM   2705  HB3 LEU B  52 .*.     H  "
"ATOM   2726  HB3 HIS B  53 .*.     H  "
"ATOM   2742  HB3 GLU B  54 .*.     H  "
"ATOM   2744  HG3 GLU B  54 .*.     H  "
"ATOM   2757  HB3 LYS B  55 .*.     H  "
"ATOM   2759  HG3 LYS B  55 .*.     H  "
"ATOM   2761  HD3 LYS B  55 .*.     H  "
"ATOM   2763  HE3 LYS B  55 .*.     H  "
"ATOM   2779  HB3 GLN B  56 .*.     H  "
"ATOM   2781  HG3 GLN B  56 .*.     H  "
"HETATM 2795  HB3 MSE B  57 .*.     H  "
"HETATM 2797  HG3 MSE B  57 .*.     H  "
"ATOM   2815  HB3 ARG B  58 .*.     H  "
"ATOM   2817  HG3 ARG B  58 .*.     H  "
"ATOM   2819  HD3 ARG B  58 .*.     H  "
"ATOM   2831  HA3 GLY B  59 .*.     H  "
"ATOM   2864 HG13 ILE B  62 .*.     H  "
"ATOM   2882  HB3 LEU B  63 .*.     H  "
"ATOM   2899  HB3 PRO B  64 .*.     H  "
"ATOM   2901  HG3 PRO B  64 .*.     H  "
"ATOM   2903  HD3 PRO B  64 .*.     H  "
"ATOM   2915  HB3 ASP B  65 .*.     H  "
"ATOM   2928  HB3 GLU B  66 .*.     H  "
"ATOM   2930  HG3 GLU B  66 .*.     H  "
"ATOM   2943 HG13 ILE B  67 .*.     H  "
"ATOM   2962  HB3 GLU B  68 .*.     H  "
"ATOM   2964  HG3 GLU B  68 .*.     H  "
"ATOM   2977  HB3 GLN B  69 .*.     H  "
"ATOM   2979  HG3 GLN B  69 .*.     H  "
"ATOM   3004  HB3 GLN B  71 .*.     H  "
"ATOM   3006  HG3 GLN B  71 .*.     H  "
"ATOM   3021  HB3 LYS B  72 .*.     H  "
"ATOM   3023  HG3 LYS B  72 .*.     H  "
"ATOM   3025  HD3 LYS B  72 .*.     H  "
"ATOM   3027  HE3 LYS B  72 .*.     H  "
"HETATM 3052  HB3 MSE B  74 .*.     H  "
"HETATM 3054  HG3 MSE B  74 .*.     H  "
"ATOM   3079  HB3 LEU B  76 .*.     H  "
"ATOM   3109  HB3 GLN B  78 .*.     H  "
"ATOM   3111  HG3 GLN B  78 .*.     H  "
"ATOM   3126  HB3 GLN B  79 .*.     H  "
"ATOM   3128  HG3 GLN B  79 .*.     H  "
"ATOM   3142  HB3 ASN B  80 .*.     H  "
"ATOM   3157  HB3 GLU B  81 .*.     H  "
"ATOM   3159  HG3 GLU B  81 .*.     H  "
"ATOM   3172  HB3 LYS B  82 .*.     H  "
"ATOM   3174  HG3 LYS B  82 .*.     H  "
"ATOM   3176  HD3 LYS B  82 .*.     H  "
"ATOM   3178  HE3 LYS B  82 .*.     H  "
"ATOM   3193  HB3 LEU B  83 .*.     H  "
"ATOM   3225  HB3 ARG B  85 .*.     H  "
"ATOM   3227  HG3 ARG B  85 .*.     H  "
"ATOM   3229  HD3 ARG B  85 .*.     H  "
"ATOM   3246  HB3 LEU B  86 .*.     H  "
"HETATM 3265  HB3 MSE B  87 .*.     H  "
"HETATM 3267  HG3 MSE B  87 .*.     H  "
"ATOM   3292  HB3 LEU B  89 .*.     H  "
"ATOM   3312  HB3 GLU B  90 .*.     H  "
"ATOM   3314  HG3 GLU B  90 .*.     H  "
"ATOM   3327  HB3 GLN B  91 .*.     H  "
"ATOM   3329  HG3 GLN B  91 .*.     H  "
"ATOM   3344  HB3 GLN B  92 .*.     H  "
"ATOM   3346  HG3 GLN B  92 .*.     H  "
"HETATM 3360  HB3 MSE B  93 .*.     H  "
"HETATM 3362  HG3 MSE B  93 .*.     H  "
"ATOM   3375  HB3 SER B  94 .*.     H  "
"ATOM   3389 HG13 ILE B  95 .*.     H  "
"ATOM   3422 HG13 ILE B  97 .*.     H  "
"ATOM   3451  HB3 GLU B  99 .*.     H  "
"ATOM   3453  HG3 GLU B  99 .*.     H  "
"ATOM   3482  HB3 GLN B 101 .*.     H  "
"ATOM   3484  HG3 GLN B 101 .*.     H  "
"ATOM   3499  HB3 GLN B 102 .*.     H  "
"ATOM   3501  HG3 GLN B 102 .*.     H  "
"ATOM   3516 HG13 ILE B 103 .*.     H  "
"HETATM 3544  HB3 MSE B 105 .*.     H  "
"HETATM 3546  HG3 MSE B 105 .*.     H  "
"ATOM   3562  HB3 LYS B 106 .*.     H  "
"ATOM   3564  HG3 LYS B 106 .*.     H  "
"ATOM   3566  HD3 LYS B 106 .*.     H  "
"ATOM   3568  HE3 LYS B 106 .*.     H  "
"ATOM   3581  HB3 PRO B 107 .*.     H  "
"ATOM   3583  HG3 PRO B 107 .*.     H  "
"ATOM   3585  HD3 PRO B 107 .*.     H  "
"ATOM   3597  HB3 LEU B 108 .*.     H  "
"ATOM   3617  HB3 GLU B 109 .*.     H  "
"ATOM   3619  HG3 GLU B 109 .*.     H  "
"ATOM   3632  HB3 GLU B 110 .*.     H  "
"ATOM   3634  HG3 GLU B 110 .*.     H  "
"ATOM   3646  HB3 LEU B 111 .*.     H  "
"ATOM   3667  HB3 HIS B 112 .*.     H  "
"ATOM   3685  HB3 ARG B 113 .*.     H  "
"ATOM   3687  HG3 ARG B 113 .*.     H  "
"ATOM   3689  HD3 ARG B 113 .*.     H  "
"ATOM   3704  HB3 SER B 114 .*.     H  "
"ATOM   3720  HB3 PHE B 115 .*.     H  "
"ATOM   3743  OXT MSE B 116 .*.     O  "
"HETATM 3737  HB3 MSE B 116 .*.     H  "
"HETATM 3739  HG3 MSE B 116 .*.     H  "
"ATOM   3754  H1  SER C   2 .*.     H  "
"ATOM   3755  H2  SER C   2 .*.     H  "
"ATOM   3756  H3  SER C   2 .*.     H  "
"ATOM   3752  HB3 SER C   2 .*.     H  "
"ATOM   3769  HB3 GLU C   3 .*.     H  "
"ATOM   3771  HG3 GLU C   3 .*.     H  "
"ATOM   3781  HB3 PRO C   4 .*.     H  "
"ATOM   3783  HG3 PRO C   4 .*.     H  "
"ATOM   3785  HD3 PRO C   4 .*.     H  "
"ATOM   3797  HB3 LEU C   5 .*.     H  "
"ATOM   3818  HB3 HIS C   6 .*.     H  "
"ATOM   3843  HB3 LEU C   8 .*.     H  "
"ATOM   3875  HB3 ARG C  10 .*.     H  "
"ATOM   3877  HG3 ARG C  10 .*.     H  "
"ATOM   3879  HD3 ARG C  10 .*.     H  "
"ATOM   3897  HB3 GLN C  11 .*.     H  "
"ATOM   3899  HG3 GLN C  11 .*.     H  "
"ATOM   3913  HB3 LEU C  12 .*.     H  "
"ATOM   3933  HB3 GLU C  13 .*.     H  "
"ATOM   3935  HG3 GLU C  13 .*.     H  "
"ATOM   3948  HB3 GLN C  14 .*.     H  "
"ATOM   3950  HG3 GLN C  14 .*.     H  "
"ATOM   3975 HG13 ILE C  16 .*.     H  "
"ATOM   3996  HB3 ARG C  17 .*.     H  "
"ATOM   3998  HG3 ARG C  17 .*.     H  "
"ATOM   4000  HD3 ARG C  17 .*.     H  "
"ATOM   4025  HB3 SER C  19 .*.     H  "
"ATOM   4039  HB3 GLU C  20 .*.     H  "
"ATOM   4041  HG3 GLU C  20 .*.     H  "
"ATOM   4051  HB3 PRO C  21 .*.     H  "
"ATOM   4053  HG3 PRO C  21 .*.     H  "
"ATOM   4055  HD3 PRO C  21 .*.     H  "
"ATOM   4070  HB3 PHE C  22 .*.     H  "
"ATOM   4088  HB3 GLN C  23 .*.     H  "
"ATOM   4090  HG3 GLN C  23 .*.     H  "
"ATOM   4105  HB3 GLN C  24 .*.     H  "
"ATOM   4107  HG3 GLN C  24 .*.     H  "
"ATOM   4121  HB3 LEU C  25 .*.     H  "
"ATOM   4141  HB3 LYS C  26 .*.     H  "
"ATOM   4143  HG3 LYS C  26 .*.     H  "
"ATOM   4145  HD3 LYS C  26 .*.     H  "
"ATOM   4147  HE3 LYS C  26 .*.     H  "
"ATOM   4165  HB3 ARG C  27 .*.     H  "
"ATOM   4167  HG3 ARG C  27 .*.     H  "
"ATOM   4169  HD3 ARG C  27 .*.     H  "
"ATOM   4200  HB3 TYR C  29 .*.     H  "
"ATOM   4218  HB3 GLU C  30 .*.     H  "
"ATOM   4220  HG3 GLU C  30 .*.     H  "
"ATOM   4232  HB3 ASP C  31 .*.     H  "
"ATOM   4263  HB3 ARG C  33 .*.     H  "
"ATOM   4265  HG3 ARG C  33 .*.     H  "
"ATOM   4267  HD3 ARG C  33 .*.     H  "
"ATOM   4287  HB3 ARG C  34 .*.     H  "
"ATOM   4289  HG3 ARG C  34 .*.     H  "
"ATOM   4291  HD3 ARG C  34 .*.     H  "
"ATOM   4308  HB3 ASP C  35 .*.     H  "
"ATOM   4321  HB3 GLU C  36 .*.     H  "
"ATOM   4323  HG3 GLU C  36 .*.     H  "
"ATOM   4363  HB3 TYR C  39 .*.     H  "
"ATOM   4383  HB3 ARG C  40 .*.     H  "
"ATOM   4385  HG3 ARG C  40 .*.     H  "
"ATOM   4387  HD3 ARG C  40 .*.     H  "
"HETATM 4404  HB3 MSE C  41 .*.     H  "
"HETATM 4406  HG3 MSE C  41 .*.     H  "
"ATOM   4424  HB3 PHE C  42 .*.     H  "
"ATOM   4451  HB3 ASN C  44 .*.     H  "
"ATOM   4484  HB3 ARG C  46 .*.     H  "
"ATOM   4486  HG3 ARG C  46 .*.     H  "
"ATOM   4488  HD3 ARG C  46 .*.     H  "
"ATOM   4505  HB3 ASP C  47 .*.     H  "
"ATOM   4518 HG13 ILE C  48 .*.     H  "
"ATOM   4537  HB3 GLN C  49 .*.     H  "
"ATOM   4539  HG3 GLN C  49 .*.     H  "
"ATOM   4553  HB3 LEU C  50 .*.     H  "
"ATOM   4575  HB3 ARG C  51 .*.     H  "
"ATOM   4577  HG3 ARG C  51 .*.     H  "
"ATOM   4579  HD3 ARG C  51 .*.     H  "
"ATOM   4596  HB3 LEU C  52 .*.     H  "
"ATOM   4617  HB3 HIS C  53 .*.     H  "
"ATOM   4633  HB3 GLU C  54 .*.     H  "
"ATOM   4635  HG3 GLU C  54 .*.     H  "
"ATOM   4648  HB3 LYS C  55 .*.     H  "
"ATOM   4650  HG3 LYS C  55 .*.     H  "
"ATOM   4652  HD3 LYS C  55 .*.     H  "
"ATOM   4654  HE3 LYS C  55 .*.     H  "
"ATOM   4670  HB3 GLN C  56 .*.     H  "
"ATOM   4672  HG3 GLN C  56 .*.     H  "
"HETATM 4686  HB3 MSE C  57 .*.     H  "
"HETATM 4688  HG3 MSE C  57 .*.     H  "
"ATOM   4706  HB3 ARG C  58 .*.     H  "
"ATOM   4708  HG3 ARG C  58 .*.     H  "
"ATOM   4710  HD3 ARG C  58 .*.     H  "
"ATOM   4722  HA3 GLY C  59 .*.     H  "
"ATOM   4755 HG13 ILE C  62 .*.     H  "
"ATOM   4773  HB3 LEU C  63 .*.     H  "
"ATOM   4790  HB3 PRO C  64 .*.     H  "
"ATOM   4792  HG3 PRO C  64 .*.     H  "
"ATOM   4794  HD3 PRO C  64 .*.     H  "
"ATOM   4806  HB3 ASP C  65 .*.     H  "
"ATOM   4819  HB3 GLU C  66 .*.     H  "
"ATOM   4821  HG3 GLU C  66 .*.     H  "
"ATOM   4834 HG13 ILE C  67 .*.     H  "
"ATOM   4853  HB3 GLU C  68 .*.     H  "
"ATOM   4855  HG3 GLU C  68 .*.     H  "
"ATOM   4868  HB3 GLN C  69 .*.     H  "
"ATOM   4870  HG3 GLN C  69 .*.     H  "
"ATOM   4895  HB3 GLN C  71 .*.     H  "
"ATOM   4897  HG3 GLN C  71 .*.     H  "
"ATOM   4912  HB3 LYS C  72 .*.     H  "
"ATOM   4914  HG3 LYS C  72 .*.     H  "
"ATOM   4916  HD3 LYS C  72 .*.     H  "
"ATOM   4918  HE3 LYS C  72 .*.     H  "
"HETATM 4943  HB3 MSE C  74 .*.     H  "
"HETATM 4945  HG3 MSE C  74 .*.     H  "
"ATOM   4970  HB3 LEU C  76 .*.     H  "
"ATOM   5000  HB3 GLN C  78 .*.     H  "
"ATOM   5002  HG3 GLN C  78 .*.     H  "
"ATOM   5017  HB3 GLN C  79 .*.     H  "
"ATOM   5019  HG3 GLN C  79 .*.     H  "
"ATOM   5033  HB3 ASN C  80 .*.     H  "
"ATOM   5048  HB3 GLU C  81 .*.     H  "
"ATOM   5050  HG3 GLU C  81 .*.     H  "
"ATOM   5063  HB3 LYS C  82 .*.     H  "
"ATOM   5065  HG3 LYS C  82 .*.     H  "
"ATOM   5067  HD3 LYS C  82 .*.     H  "
"ATOM   5069  HE3 LYS C  82 .*.     H  "
"ATOM   5084  HB3 LEU C  83 .*.     H  "
"ATOM   5116  HB3 ARG C  85 .*.     H  "
"ATOM   5118  HG3 ARG C  85 .*.     H  "
"ATOM   5120  HD3 ARG C  85 .*.     H  "
"ATOM   5137  HB3 LEU C  86 .*.     H  "
"HETATM 5156  HB3 MSE C  87 .*.     H  "
"HETATM 5158  HG3 MSE C  87 .*.     H  "
"ATOM   5183  HB3 LEU C  89 .*.     H  "
"ATOM   5203  HB3 GLU C  90 .*.     H  "
"ATOM   5205  HG3 GLU C  90 .*.     H  "
"ATOM   5218  HB3 GLN C  91 .*.     H  "
"ATOM   5220  HG3 GLN C  91 .*.     H  "
"ATOM   5235  HB3 GLN C  92 .*.     H  "
"ATOM   5237  HG3 GLN C  92 .*.     H  "
"HETATM 5251  HB3 MSE C  93 .*.     H  "
"HETATM 5253  HG3 MSE C  93 .*.     H  "
"ATOM   5266  HB3 SER C  94 .*.     H  "
"ATOM   5280 HG13 ILE C  95 .*.     H  "
"ATOM   5313 HG13 ILE C  97 .*.     H  "
"ATOM   5342  HB3 GLU C  99 .*.     H  "
"ATOM   5344  HG3 GLU C  99 .*.     H  "
"ATOM   5373  HB3 GLN C 101 .*.     H  "
"ATOM   5375  HG3 GLN C 101 .*.     H  "
"ATOM   5390  HB3 GLN C 102 .*.     H  "
"ATOM   5392  HG3 GLN C 102 .*.     H  "
"ATOM   5407 HG13 ILE C 103 .*.     H  "
"HETATM 5435  HB3 MSE C 105 .*.     H  "
"HETATM 5437  HG3 MSE C 105 .*.     H  "
"ATOM   5453  HB3 LYS C 106 .*.     H  "
"ATOM   5455  HG3 LYS C 106 .*.     H  "
"ATOM   5457  HD3 LYS C 106 .*.     H  "
"ATOM   5459  HE3 LYS C 106 .*.     H  "
"ATOM   5472  HB3 PRO C 107 .*.     H  "
"ATOM   5474  HG3 PRO C 107 .*.     H  "
"ATOM   5476  HD3 PRO C 107 .*.     H  "
"ATOM   5488  HB3 LEU C 108 .*.     H  "
"ATOM   5508  HB3 GLU C 109 .*.     H  "
"ATOM   5510  HG3 GLU C 109 .*.     H  "
"ATOM   5523  HB3 GLU C 110 .*.     H  "
"ATOM   5525  HG3 GLU C 110 .*.     H  "
"ATOM   5537  HB3 LEU C 111 .*.     H  "
"ATOM   5558  HB3 HIS C 112 .*.     H  "
"ATOM   5576  HB3 ARG C 113 .*.     H  "
"ATOM   5578  HG3 ARG C 113 .*.     H  "
"ATOM   5580  HD3 ARG C 113 .*.     H  "
"ATOM   5595  HB3 SER C 114 .*.     H  "
"ATOM   5611  HB3 PHE C 115 .*.     H  "
"HETATM 5628  HB3 MSE C 116 .*.     H  "
"HETATM 5630  HG3 MSE C 116 .*.     H  "
"ATOM   5646  HB3 GLU C 117 .*.     H  "
"ATOM   5648  HG3 GLU C 117 .*.     H  "
"ATOM   5656  OXT GLY C 118 .*.     O  "
"ATOM   5655  HA3 GLY C 118 .*.     H  "
"HETATM 5665  H1  MSE D   1 .*.     H  "
"HETATM 5666  H2  MSE D   1 .*.     H  "
"HETATM 5667  H3  MSE D   1 .*.     H  "
"HETATM 5670  HB3 MSE D   1 .*.     H  "
"HETATM 5672  HG3 MSE D   1 .*.     H  "
"ATOM   5685  HB3 SER D   2 .*.     H  "
"ATOM   5699  HB3 GLU D   3 .*.     H  "
"ATOM   5701  HG3 GLU D   3 .*.     H  "
"ATOM   5711  HB3 PRO D   4 .*.     H  "
"ATOM   5713  HG3 PRO D   4 .*.     H  "
"ATOM   5715  HD3 PRO D   4 .*.     H  "
"ATOM   5727  HB3 LEU D   5 .*.     H  "
"ATOM   5748  HB3 HIS D   6 .*.     H  "
"ATOM   5773  HB3 LEU D   8 .*.     H  "
"ATOM   5805  HB3 ARG D  10 .*.     H  "
"ATOM   5807  HG3 ARG D  10 .*.     H  "
"ATOM   5809  HD3 ARG D  10 .*.     H  "
"ATOM   5827  HB3 GLN D  11 .*.     H  "
"ATOM   5829  HG3 GLN D  11 .*.     H  "
"ATOM   5843  HB3 LEU D  12 .*.     H  "
"ATOM   5863  HB3 GLU D  13 .*.     H  "
"ATOM   5865  HG3 GLU D  13 .*.     H  "
"ATOM   5878  HB3 GLN D  14 .*.     H  "
"ATOM   5880  HG3 GLN D  14 .*.     H  "
"ATOM   5905 HG13 ILE D  16 .*.     H  "
"ATOM   5926  HB3 ARG D  17 .*.     H  "
"ATOM   5928  HG3 ARG D  17 .*.     H  "
"ATOM   5930  HD3 ARG D  17 .*.     H  "
"ATOM   5955  HB3 SER D  19 .*.     H  "
"ATOM   5969  HB3 GLU D  20 .*.     H  "
"ATOM   5971  HG3 GLU D  20 .*.     H  "
"ATOM   5981  HB3 PRO D  21 .*.     H  "
"ATOM   5983  HG3 PRO D  21 .*.     H  "
"ATOM   5985  HD3 PRO D  21 .*.     H  "
"ATOM   6000  HB3 PHE D  22 .*.     H  "
"ATOM   6018  HB3 GLN D  23 .*.     H  "
"ATOM   6020  HG3 GLN D  23 .*.     H  "
"ATOM   6035  HB3 GLN D  24 .*.     H  "
"ATOM   6037  HG3 GLN D  24 .*.     H  "
"ATOM   6051  HB3 LEU D  25 .*.     H  "
"ATOM   6071  HB3 LYS D  26 .*.     H  "
"ATOM   6073  HG3 LYS D  26 .*.     H  "
"ATOM   6075  HD3 LYS D  26 .*.     H  "
"ATOM   6077  HE3 LYS D  26 .*.     H  "
"ATOM   6095  HB3 ARG D  27 .*.     H  "
"ATOM   6097  HG3 ARG D  27 .*.     H  "
"ATOM   6099  HD3 ARG D  27 .*.     H  "
"ATOM   6130  HB3 TYR D  29 .*.     H  "
"ATOM   6148  HB3 GLU D  30 .*.     H  "
"ATOM   6150  HG3 GLU D  30 .*.     H  "
"ATOM   6162  HB3 ASP D  31 .*.     H  "
"ATOM   6193  HB3 ARG D  33 .*.     H  "
"ATOM   6195  HG3 ARG D  33 .*.     H  "
"ATOM   6197  HD3 ARG D  33 .*.     H  "
"ATOM   6217  HB3 ARG D  34 .*.     H  "
"ATOM   6219  HG3 ARG D  34 .*.     H  "
"ATOM   6221  HD3 ARG D  34 .*.     H  "
"ATOM   6238  HB3 ASP D  35 .*.     H  "
"ATOM   6251  HB3 GLU D  36 .*.     H  "
"ATOM   6253  HG3 GLU D  36 .*.     H  "
"ATOM   6293  HB3 TYR D  39 .*.     H  "
"ATOM   6313  HB3 ARG D  40 .*.     H  "
"ATOM   6315  HG3 ARG D  40 .*.     H  "
"ATOM   6317  HD3 ARG D  40 .*.     H  "
"HETATM 6334  HB3 MSE D  41 .*.     H  "
"HETATM 6336  HG3 MSE D  41 .*.     H  "
"ATOM   6354  HB3 PHE D  42 .*.     H  "
"ATOM   6381  HB3 ASN D  44 .*.     H  "
"ATOM   6414  HB3 ARG D  46 .*.     H  "
"ATOM   6416  HG3 ARG D  46 .*.     H  "
"ATOM   6418  HD3 ARG D  46 .*.     H  "
"ATOM   6435  HB3 ASP D  47 .*.     H  "
"ATOM   6448 HG13 ILE D  48 .*.     H  "
"ATOM   6467  HB3 GLN D  49 .*.     H  "
"ATOM   6469  HG3 GLN D  49 .*.     H  "
"ATOM   6483  HB3 LEU D  50 .*.     H  "
"ATOM   6505  HB3 ARG D  51 .*.     H  "
"ATOM   6507  HG3 ARG D  51 .*.     H  "
"ATOM   6509  HD3 ARG D  51 .*.     H  "
"ATOM   6526  HB3 LEU D  52 .*.     H  "
"ATOM   6547  HB3 HIS D  53 .*.     H  "
"ATOM   6563  HB3 GLU D  54 .*.     H  "
"ATOM   6565  HG3 GLU D  54 .*.     H  "
"ATOM   6578  HB3 LYS D  55 .*.     H  "
"ATOM   6580  HG3 LYS D  55 .*.     H  "
"ATOM   6582  HD3 LYS D  55 .*.     H  "
"ATOM   6584  HE3 LYS D  55 .*.     H  "
"ATOM   6600  HB3 GLN D  56 .*.     H  "
"ATOM   6602  HG3 GLN D  56 .*.     H  "
"HETATM 6616  HB3 MSE D  57 .*.     H  "
"HETATM 6618  HG3 MSE D  57 .*.     H  "
"ATOM   6636  HB3 ARG D  58 .*.     H  "
"ATOM   6638  HG3 ARG D  58 .*.     H  "
"ATOM   6640  HD3 ARG D  58 .*.     H  "
"ATOM   6652  HA3 GLY D  59 .*.     H  "
"ATOM   6685 HG13 ILE D  62 .*.     H  "
"ATOM   6703  HB3 LEU D  63 .*.     H  "
"ATOM   6720  HB3 PRO D  64 .*.     H  "
"ATOM   6722  HG3 PRO D  64 .*.     H  "
"ATOM   6724  HD3 PRO D  64 .*.     H  "
"ATOM   6736  HB3 ASP D  65 .*.     H  "
"ATOM   6749  HB3 GLU D  66 .*.     H  "
"ATOM   6751  HG3 GLU D  66 .*.     H  "
"ATOM   6764 HG13 ILE D  67 .*.     H  "
"ATOM   6783  HB3 GLU D  68 .*.     H  "
"ATOM   6785  HG3 GLU D  68 .*.     H  "
"ATOM   6798  HB3 GLN D  69 .*.     H  "
"ATOM   6800  HG3 GLN D  69 .*.     H  "
"ATOM   6825  HB3 GLN D  71 .*.     H  "
"ATOM   6827  HG3 GLN D  71 .*.     H  "
"ATOM   6842  HB3 LYS D  72 .*.     H  "
"ATOM   6844  HG3 LYS D  72 .*.     H  "
"ATOM   6846  HD3 LYS D  72 .*.     H  "
"ATOM   6848  HE3 LYS D  72 .*.     H  "
"HETATM 6873  HB3 MSE D  74 .*.     H  "
"HETATM 6875  HG3 MSE D  74 .*.     H  "
"ATOM   6900  HB3 LEU D  76 .*.     H  "
"ATOM   6930  HB3 GLN D  78 .*.     H  "
"ATOM   6932  HG3 GLN D  78 .*.     H  "
"ATOM   6947  HB3 GLN D  79 .*.     H  "
"ATOM   6949  HG3 GLN D  79 .*.     H  "
"ATOM   6963  HB3 ASN D  80 .*.     H  "
"ATOM   6978  HB3 GLU D  81 .*.     H  "
"ATOM   6980  HG3 GLU D  81 .*.     H  "
"ATOM   6993  HB3 LYS D  82 .*.     H  "
"ATOM   6995  HG3 LYS D  82 .*.     H  "
"ATOM   6997  HD3 LYS D  82 .*.     H  "
"ATOM   6999  HE3 LYS D  82 .*.     H  "
"ATOM   7014  HB3 LEU D  83 .*.     H  "
"ATOM   7046  HB3 ARG D  85 .*.     H  "
"ATOM   7048  HG3 ARG D  85 .*.     H  "
"ATOM   7050  HD3 ARG D  85 .*.     H  "
"ATOM   7067  HB3 LEU D  86 .*.     H  "
"HETATM 7086  HB3 MSE D  87 .*.     H  "
"HETATM 7088  HG3 MSE D  87 .*.     H  "
"ATOM   7113  HB3 LEU D  89 .*.     H  "
"ATOM   7133  HB3 GLU D  90 .*.     H  "
"ATOM   7135  HG3 GLU D  90 .*.     H  "
"ATOM   7148  HB3 GLN D  91 .*.     H  "
"ATOM   7150  HG3 GLN D  91 .*.     H  "
"ATOM   7165  HB3 GLN D  92 .*.     H  "
"ATOM   7167  HG3 GLN D  92 .*.     H  "
"HETATM 7181  HB3 MSE D  93 .*.     H  "
"HETATM 7183  HG3 MSE D  93 .*.     H  "
"ATOM   7196  HB3 SER D  94 .*.     H  "
"ATOM   7210 HG13 ILE D  95 .*.     H  "
"ATOM   7243 HG13 ILE D  97 .*.     H  "
"ATOM   7272  HB3 GLU D  99 .*.     H  "
"ATOM   7274  HG3 GLU D  99 .*.     H  "
"ATOM   7303  HB3 GLN D 101 .*.     H  "
"ATOM   7305  HG3 GLN D 101 .*.     H  "
"ATOM   7320  HB3 GLN D 102 .*.     H  "
"ATOM   7322  HG3 GLN D 102 .*.     H  "
"ATOM   7337 HG13 ILE D 103 .*.     H  "
"HETATM 7365  HB3 MSE D 105 .*.     H  "
"HETATM 7367  HG3 MSE D 105 .*.     H  "
"ATOM   7383  HB3 LYS D 106 .*.     H  "
"ATOM   7385  HG3 LYS D 106 .*.     H  "
"ATOM   7387  HD3 LYS D 106 .*.     H  "
"ATOM   7389  HE3 LYS D 106 .*.     H  "
"ATOM   7402  HB3 PRO D 107 .*.     H  "
"ATOM   7404  HG3 PRO D 107 .*.     H  "
"ATOM   7406  HD3 PRO D 107 .*.     H  "
"ATOM   7418  HB3 LEU D 108 .*.     H  "
"ATOM   7438  HB3 GLU D 109 .*.     H  "
"ATOM   7440  HG3 GLU D 109 .*.     H  "
"ATOM   7453  HB3 GLU D 110 .*.     H  "
"ATOM   7455  HG3 GLU D 110 .*.     H  "
"ATOM   7467  HB3 LEU D 111 .*.     H  "
"ATOM   7488  HB3 HIS D 112 .*.     H  "
"ATOM   7506  HB3 ARG D 113 .*.     H  "
"ATOM   7508  HG3 ARG D 113 .*.     H  "
"ATOM   7510  HD3 ARG D 113 .*.     H  "
"ATOM   7525  HB3 SER D 114 .*.     H  "
"ATOM   7541  HB3 PHE D 115 .*.     H  "
"ATOM   7564  OXT MSE D 116 .*.     O  "
"HETATM 7558  HB3 MSE D 116 .*.     H  "
"HETATM 7560  HG3 MSE D 116 .*.     H  "
total_charge -5
2oeq_complete.pdb

  Output written to: 2oeq_complete.pdb
