/nfsexp/homes/m_zhen01/phenix-installer-dev-2497/phenix-dev-2497/build/lib:/nfsexp/homes/m_zhen01/phenix-installer-dev-2497/phenix-dev-2497/build/../base/lib64:/nfsexp/homes/m_zhen01/phenix-installer-dev-2497/phenix-dev-2497/build/../base/lib:/home/m/m_zhen01/my_gromacs_4.6/lib:/home/m/m_zhen01:/home/m/m_zhen01/TeraChem1.9/TeraChem/lib:/usr/qc/cuda-7.5/lib64:/usr/qc/cuda-7.5/lib:/usr/lib64/mpi/gcc/openmpi/lib64:/usr/qc/openmpi-1.8.8/lib64:/usr/qc/cuda-7.5/lib64:/usr/qc/cuda-7.5/lib:/home/m/m_zhen01/pyscf_exe/pyscf/lib/deps/lib:/lib:/lib64:/home/m/m_zhen01/MOPAC2016_for_Linux_64_bit:/home/m/m_zhen01/MOPAC2016_for_Linux_64_bit/Linux_mopac_cuda_5.5_libs/mopac_cuda_5.5_libs:=/home/m/m_zhen01/jdk1.8.0_91/jre/lib/amd64:=/home/m/m_zhen01/jdk1.8.0_91/jre/lib/amd64/server:/home/m/m_zhen01/phenix_babel/lib:/usr/qc/openmpi-1.8.8/lib64
/nfsexp/homes/m_zhen01/phenix-installer-dev-2497/phenix-dev-2497/build/../modules/cctbx_project:/nfsexp/homes/m_zhen01/phenix-installer-dev-2497/phenix-dev-2497/build/../modules:/nfsexp/homes/m_zhen01/phenix-installer-dev-2497/phenix-dev-2497/build/../modules/phenix:/nfsexp/homes/m_zhen01/phenix-installer-dev-2497/phenix-dev-2497/build/../modules/reel:/nfsexp/homes/m_zhen01/phenix-installer-dev-2497/phenix-dev-2497/build/../modules/phaser:/nfsexp/homes/m_zhen01/phenix-installer-dev-2497/phenix-dev-2497/build/../modules/tntbx:/nfsexp/homes/m_zhen01/phenix-installer-dev-2497/phenix-dev-2497/build/../modules/elbow:/nfsexp/homes/m_zhen01/phenix-installer-dev-2497/phenix-dev-2497/build/../modules/PyQuante:/nfsexp/homes/m_zhen01/phenix-installer-dev-2497/phenix-dev-2497/build/../modules/cctbx_project/boost_adaptbx:/nfsexp/homes/m_zhen01/phenix-installer-dev-2497/phenix-dev-2497/build/../modules/cctbx_project/libtbx/pythonpath:/nfsexp/homes/m_zhen01/phenix-installer-dev-2497/phenix-dev-2497/build/lib:/home/m/m_zhen01/pyscf_exe::/home/m/m_zhen01/JPype1-0.6.0-phenix/lib/python2.7/site-packages/:/home/m/m_zhen01/Girvan-Newman/:/home/m/m_zhen01/pymol/modules:/home/m/m_zhen01/my_numpy:/home/m/m_zhen01/my_numpy/lib64/python2.7/site-packages:/home/m/m_zhen01/phenix_babel/lib64/python2.7/site-packages
run 3dtj.pdb
"ATOM     11  H1  SER A 149 .*.     H  "
"ATOM     12  H2  SER A 149 .*.     H  "
"ATOM     13  H3  SER A 149 .*.     H  "
"ATOM      9  HB3 SER A 149 .*.     H  "
"ATOM     26 HG13 ILE A 150 .*.     H  "
"ATOM     44  HB3 LEU A 151 .*.     H  "
"ATOM     63  HB3 ASP A 152 .*.     H  "
"ATOM     76 HG13 ILE A 153 .*.     H  "
"ATOM     97  HB3 ARG A 154 .*.     H  "
"ATOM     99  HG3 ARG A 154 .*.     H  "
"ATOM    101  HD3 ARG A 154 .*.     H  "
"ATOM    119  HB3 GLN A 155 .*.     H  "
"ATOM    121  HG3 GLN A 155 .*.     H  "
"ATOM    130  HA3 GLY A 156 .*.     H  "
"ATOM    140  HB3 PRO A 157 .*.     H  "
"ATOM    142  HG3 PRO A 157 .*.     H  "
"ATOM    144  HD3 PRO A 157 .*.     H  "
"ATOM    157  HB3 LYS A 158 .*.     H  "
"ATOM    159  HG3 LYS A 158 .*.     H  "
"ATOM    161  HD3 LYS A 158 .*.     H  "
"ATOM    163  HE3 LYS A 158 .*.     H  "
"ATOM    179  HB3 GLU A 159 .*.     H  "
"ATOM    181  HG3 GLU A 159 .*.     H  "
"ATOM    191  HB3 PRO A 160 .*.     H  "
"ATOM    193  HG3 PRO A 160 .*.     H  "
"ATOM    195  HD3 PRO A 160 .*.     H  "
"ATOM    210  HB3 PHE A 161 .*.     H  "
"ATOM    230  HB3 ARG A 162 .*.     H  "
"ATOM    232  HG3 ARG A 162 .*.     H  "
"ATOM    234  HD3 ARG A 162 .*.     H  "
"ATOM    251  HB3 ASP A 163 .*.     H  "
"ATOM    267  HB3 TYR A 164 .*.     H  "
"ATOM    300  HB3 ASP A 166 .*.     H  "
"ATOM    315  HB3 ARG A 167 .*.     H  "
"ATOM    317  HG3 ARG A 167 .*.     H  "
"ATOM    319  HD3 ARG A 167 .*.     H  "
"ATOM    339  HB3 PHE A 168 .*.     H  "
"ATOM    360  HB3 TYR A 169 .*.     H  "
"ATOM    378  HB3 LYS A 170 .*.     H  "
"ATOM    380  HG3 LYS A 170 .*.     H  "
"ATOM    382  HD3 LYS A 170 .*.     H  "
"ATOM    384  HE3 LYS A 170 .*.     H  "
"ATOM    413  HB3 LEU A 172 .*.     H  "
"ATOM    435  HB3 ARG A 173 .*.     H  "
"ATOM    437  HG3 ARG A 173 .*.     H  "
"ATOM    439  HD3 ARG A 173 .*.     H  "
"ATOM    467  HB3 GLU A 175 .*.     H  "
"ATOM    469  HG3 GLU A 175 .*.     H  "
"ATOM    482  HB3 GLN A 176 .*.     H  "
"ATOM    484  HG3 GLN A 176 .*.     H  "
"ATOM    506  HB3 SER A 178 .*.     H  "
"ATOM    520  HB3 GLN A 179 .*.     H  "
"ATOM    522  HG3 GLN A 179 .*.     H  "
"ATOM    537  HB3 GLU A 180 .*.     H  "
"ATOM    539  HG3 GLU A 180 .*.     H  "
"ATOM    568  HB3 LYS A 182 .*.     H  "
"ATOM    570  HG3 LYS A 182 .*.     H  "
"ATOM    572  HD3 LYS A 182 .*.     H  "
"ATOM    574  HE3 LYS A 182 .*.     H  "
"ATOM    589  HB3 ASN A 183 .*.     H  "
"ATOM    609  HB3 TRP A 184 .*.     H  "
"ATOM    627  HB3 MET A 185 .*.     H  "
"ATOM    629  HG3 MET A 185 .*.     H  "
"ATOM    682  HB3 LEU A 189 .*.     H  "
"ATOM    701  HB3 LEU A 190 .*.     H  "
"ATOM    737  HB3 GLN A 192 .*.     H  "
"ATOM    739  HG3 GLN A 192 .*.     H  "
"ATOM    753  HB3 ASN A 193 .*.     H  "
"ATOM    777  HB3 ASN A 195 .*.     H  "
"ATOM    789  HB3 PRO A 196 .*.     H  "
"ATOM    791  HG3 PRO A 196 .*.     H  "
"ATOM    793  HD3 PRO A 196 .*.     H  "
"ATOM    805  HB3 ASP A 197 .*.     H  "
"ATOM    815  HB3 CYS A 198 .*.     H  "
"ATOM    829  HB3 LYS A 199 .*.     H  "
"ATOM    831  HG3 LYS A 199 .*.     H  "
"ATOM    833  HD3 LYS A 199 .*.     H  "
"ATOM    835  HE3 LYS A 199 .*.     H  "
"ATOM    865 HG13 ILE A 201 .*.     H  "
"ATOM    883  HB3 LEU A 202 .*.     H  "
"ATOM    903  HB3 LYS A 203 .*.     H  "
"ATOM    905  HG3 LYS A 203 .*.     H  "
"ATOM    907  HD3 LYS A 203 .*.     H  "
"ATOM    909  HE3 LYS A 203 .*.     H  "
"ATOM    934  HB3 LEU A 205 .*.     H  "
"ATOM    948  HA3 GLY A 206 .*.     H  "
"ATOM    958  HB3 PRO A 207 .*.     H  "
"ATOM    960  HG3 PRO A 207 .*.     H  "
"ATOM    962  HD3 PRO A 207 .*.     H  "
"ATOM    969  HA3 GLY A 208 .*.     H  "
"ATOM   1005  HB3 LEU A 211 .*.     H  "
"ATOM   1025  HB3 GLU A 212 .*.     H  "
"ATOM   1027  HG3 GLU A 212 .*.     H  "
"ATOM   1040  HB3 GLU A 213 .*.     H  "
"ATOM   1042  HG3 GLU A 213 .*.     H  "
"ATOM   1054  HB3 MET A 214 .*.     H  "
"ATOM   1056  HG3 MET A 214 .*.     H  "
"ATOM   1071  HB3 MET A 215 .*.     H  "
"ATOM   1073  HG3 MET A 215 .*.     H  "
"ATOM   1110  HB3 CYS A 218 .*.     H  "
"ATOM   1124  HB3 GLN A 219 .*.     H  "
"ATOM   1126  HG3 GLN A 219 .*.     H  "
"ATOM   1135  HA3 GLY A 220 .*.     H  "
"ATOM   1152  OXT VAL A 221 .*.     O  "
"ATOM   1163  H1  SER B 149 .*.     H  "
"ATOM   1164  H2  SER B 149 .*.     H  "
"ATOM   1165  H3  SER B 149 .*.     H  "
"ATOM   1161  HB3 SER B 149 .*.     H  "
"ATOM   1178 HG13 ILE B 150 .*.     H  "
"ATOM   1196  HB3 LEU B 151 .*.     H  "
"ATOM   1215  HB3 ASP B 152 .*.     H  "
"ATOM   1228 HG13 ILE B 153 .*.     H  "
"ATOM   1249  HB3 ARG B 154 .*.     H  "
"ATOM   1251  HG3 ARG B 154 .*.     H  "
"ATOM   1253  HD3 ARG B 154 .*.     H  "
"ATOM   1271  HB3 GLN B 155 .*.     H  "
"ATOM   1273  HG3 GLN B 155 .*.     H  "
"ATOM   1282  HA3 GLY B 156 .*.     H  "
"ATOM   1292  HB3 PRO B 157 .*.     H  "
"ATOM   1294  HG3 PRO B 157 .*.     H  "
"ATOM   1296  HD3 PRO B 157 .*.     H  "
"ATOM   1309  HB3 LYS B 158 .*.     H  "
"ATOM   1311  HG3 LYS B 158 .*.     H  "
"ATOM   1313  HD3 LYS B 158 .*.     H  "
"ATOM   1315  HE3 LYS B 158 .*.     H  "
"ATOM   1331  HB3 GLU B 159 .*.     H  "
"ATOM   1333  HG3 GLU B 159 .*.     H  "
"ATOM   1343  HB3 PRO B 160 .*.     H  "
"ATOM   1345  HG3 PRO B 160 .*.     H  "
"ATOM   1347  HD3 PRO B 160 .*.     H  "
"ATOM   1362  HB3 PHE B 161 .*.     H  "
"ATOM   1382  HB3 ARG B 162 .*.     H  "
"ATOM   1384  HG3 ARG B 162 .*.     H  "
"ATOM   1386  HD3 ARG B 162 .*.     H  "
"ATOM   1403  HB3 ASP B 163 .*.     H  "
"ATOM   1419  HB3 TYR B 164 .*.     H  "
"ATOM   1452  HB3 ASP B 166 .*.     H  "
"ATOM   1467  HB3 ARG B 167 .*.     H  "
"ATOM   1469  HG3 ARG B 167 .*.     H  "
"ATOM   1471  HD3 ARG B 167 .*.     H  "
"ATOM   1491  HB3 PHE B 168 .*.     H  "
"ATOM   1512  HB3 TYR B 169 .*.     H  "
"ATOM   1530  HB3 LYS B 170 .*.     H  "
"ATOM   1532  HG3 LYS B 170 .*.     H  "
"ATOM   1534  HD3 LYS B 170 .*.     H  "
"ATOM   1536  HE3 LYS B 170 .*.     H  "
"ATOM   1565  HB3 LEU B 172 .*.     H  "
"ATOM   1587  HB3 ARG B 173 .*.     H  "
"ATOM   1589  HG3 ARG B 173 .*.     H  "
"ATOM   1591  HD3 ARG B 173 .*.     H  "
"ATOM   1619  HB3 GLU B 175 .*.     H  "
"ATOM   1621  HG3 GLU B 175 .*.     H  "
"ATOM   1634  HB3 GLN B 176 .*.     H  "
"ATOM   1636  HG3 GLN B 176 .*.     H  "
"ATOM   1658  HB3 SER B 178 .*.     H  "
"ATOM   1672  HB3 GLN B 179 .*.     H  "
"ATOM   1674  HG3 GLN B 179 .*.     H  "
"ATOM   1689  HB3 GLU B 180 .*.     H  "
"ATOM   1691  HG3 GLU B 180 .*.     H  "
"ATOM   1720  HB3 LYS B 182 .*.     H  "
"ATOM   1722  HG3 LYS B 182 .*.     H  "
"ATOM   1724  HD3 LYS B 182 .*.     H  "
"ATOM   1726  HE3 LYS B 182 .*.     H  "
"ATOM   1741  HB3 ASN B 183 .*.     H  "
"ATOM   1761  HB3 TRP B 184 .*.     H  "
"ATOM   1779  HB3 MET B 185 .*.     H  "
"ATOM   1781  HG3 MET B 185 .*.     H  "
"ATOM   1834  HB3 LEU B 189 .*.     H  "
"ATOM   1853  HB3 LEU B 190 .*.     H  "
"ATOM   1889  HB3 GLN B 192 .*.     H  "
"ATOM   1891  HG3 GLN B 192 .*.     H  "
"ATOM   1905  HB3 ASN B 193 .*.     H  "
"ATOM   1929  HB3 ASN B 195 .*.     H  "
"ATOM   1941  HB3 PRO B 196 .*.     H  "
"ATOM   1943  HG3 PRO B 196 .*.     H  "
"ATOM   1945  HD3 PRO B 196 .*.     H  "
"ATOM   1957  HB3 ASP B 197 .*.     H  "
"ATOM   1967  HB3 CYS B 198 .*.     H  "
"ATOM   1981  HB3 LYS B 199 .*.     H  "
"ATOM   1983  HG3 LYS B 199 .*.     H  "
"ATOM   1985  HD3 LYS B 199 .*.     H  "
"ATOM   1987  HE3 LYS B 199 .*.     H  "
"ATOM   2017 HG13 ILE B 201 .*.     H  "
"ATOM   2035  HB3 LEU B 202 .*.     H  "
"ATOM   2055  HB3 LYS B 203 .*.     H  "
"ATOM   2057  HG3 LYS B 203 .*.     H  "
"ATOM   2059  HD3 LYS B 203 .*.     H  "
"ATOM   2061  HE3 LYS B 203 .*.     H  "
"ATOM   2086  HB3 LEU B 205 .*.     H  "
"ATOM   2100  HA3 GLY B 206 .*.     H  "
"ATOM   2110  HB3 PRO B 207 .*.     H  "
"ATOM   2112  HG3 PRO B 207 .*.     H  "
"ATOM   2114  HD3 PRO B 207 .*.     H  "
"ATOM   2121  HA3 GLY B 208 .*.     H  "
"ATOM   2157  HB3 LEU B 211 .*.     H  "
"ATOM   2177  HB3 GLU B 212 .*.     H  "
"ATOM   2179  HG3 GLU B 212 .*.     H  "
"ATOM   2192  HB3 GLU B 213 .*.     H  "
"ATOM   2194  HG3 GLU B 213 .*.     H  "
"ATOM   2206  HB3 MET B 214 .*.     H  "
"ATOM   2208  HG3 MET B 214 .*.     H  "
"ATOM   2223  HB3 MET B 215 .*.     H  "
"ATOM   2225  HG3 MET B 215 .*.     H  "
"ATOM   2262  HB3 CYS B 218 .*.     H  "
"ATOM   2276  HB3 GLN B 219 .*.     H  "
"ATOM   2278  HG3 GLN B 219 .*.     H  "
"ATOM   2287  HA3 GLY B 220 .*.     H  "
"ATOM   2304  OXT VAL B 221 .*.     O  "
"ATOM   2315  H1  SER C 149 .*.     H  "
"ATOM   2316  H2  SER C 149 .*.     H  "
"ATOM   2317  H3  SER C 149 .*.     H  "
"ATOM   2313  HB3 SER C 149 .*.     H  "
"ATOM   2330 HG13 ILE C 150 .*.     H  "
"ATOM   2348  HB3 LEU C 151 .*.     H  "
"ATOM   2367  HB3 ASP C 152 .*.     H  "
"ATOM   2380 HG13 ILE C 153 .*.     H  "
"ATOM   2401  HB3 ARG C 154 .*.     H  "
"ATOM   2403  HG3 ARG C 154 .*.     H  "
"ATOM   2405  HD3 ARG C 154 .*.     H  "
"ATOM   2423  HB3 GLN C 155 .*.     H  "
"ATOM   2425  HG3 GLN C 155 .*.     H  "
"ATOM   2434  HA3 GLY C 156 .*.     H  "
"ATOM   2444  HB3 PRO C 157 .*.     H  "
"ATOM   2446  HG3 PRO C 157 .*.     H  "
"ATOM   2448  HD3 PRO C 157 .*.     H  "
"ATOM   2461  HB3 LYS C 158 .*.     H  "
"ATOM   2463  HG3 LYS C 158 .*.     H  "
"ATOM   2465  HD3 LYS C 158 .*.     H  "
"ATOM   2467  HE3 LYS C 158 .*.     H  "
"ATOM   2483  HB3 GLU C 159 .*.     H  "
"ATOM   2485  HG3 GLU C 159 .*.     H  "
"ATOM   2495  HB3 PRO C 160 .*.     H  "
"ATOM   2497  HG3 PRO C 160 .*.     H  "
"ATOM   2499  HD3 PRO C 160 .*.     H  "
"ATOM   2514  HB3 PHE C 161 .*.     H  "
"ATOM   2534  HB3 ARG C 162 .*.     H  "
"ATOM   2536  HG3 ARG C 162 .*.     H  "
"ATOM   2538  HD3 ARG C 162 .*.     H  "
"ATOM   2555  HB3 ASP C 163 .*.     H  "
"ATOM   2571  HB3 TYR C 164 .*.     H  "
"ATOM   2604  HB3 ASP C 166 .*.     H  "
"ATOM   2619  HB3 ARG C 167 .*.     H  "
"ATOM   2621  HG3 ARG C 167 .*.     H  "
"ATOM   2623  HD3 ARG C 167 .*.     H  "
"ATOM   2643  HB3 PHE C 168 .*.     H  "
"ATOM   2664  HB3 TYR C 169 .*.     H  "
"ATOM   2682  HB3 LYS C 170 .*.     H  "
"ATOM   2684  HG3 LYS C 170 .*.     H  "
"ATOM   2686  HD3 LYS C 170 .*.     H  "
"ATOM   2688  HE3 LYS C 170 .*.     H  "
"ATOM   2717  HB3 LEU C 172 .*.     H  "
"ATOM   2739  HB3 ARG C 173 .*.     H  "
"ATOM   2741  HG3 ARG C 173 .*.     H  "
"ATOM   2743  HD3 ARG C 173 .*.     H  "
"ATOM   2771  HB3 GLU C 175 .*.     H  "
"ATOM   2773  HG3 GLU C 175 .*.     H  "
"ATOM   2786  HB3 GLN C 176 .*.     H  "
"ATOM   2788  HG3 GLN C 176 .*.     H  "
"ATOM   2810  HB3 SER C 178 .*.     H  "
"ATOM   2824  HB3 GLN C 179 .*.     H  "
"ATOM   2826  HG3 GLN C 179 .*.     H  "
"ATOM   2841  HB3 GLU C 180 .*.     H  "
"ATOM   2843  HG3 GLU C 180 .*.     H  "
"ATOM   2872  HB3 LYS C 182 .*.     H  "
"ATOM   2874  HG3 LYS C 182 .*.     H  "
"ATOM   2876  HD3 LYS C 182 .*.     H  "
"ATOM   2878  HE3 LYS C 182 .*.     H  "
"ATOM   2893  HB3 ASN C 183 .*.     H  "
"ATOM   2913  HB3 TRP C 184 .*.     H  "
"ATOM   2931  HB3 MET C 185 .*.     H  "
"ATOM   2933  HG3 MET C 185 .*.     H  "
"ATOM   2986  HB3 LEU C 189 .*.     H  "
"ATOM   3005  HB3 LEU C 190 .*.     H  "
"ATOM   3041  HB3 GLN C 192 .*.     H  "
"ATOM   3043  HG3 GLN C 192 .*.     H  "
"ATOM   3057  HB3 ASN C 193 .*.     H  "
"ATOM   3081  HB3 ASN C 195 .*.     H  "
"ATOM   3093  HB3 PRO C 196 .*.     H  "
"ATOM   3095  HG3 PRO C 196 .*.     H  "
"ATOM   3097  HD3 PRO C 196 .*.     H  "
"ATOM   3109  HB3 ASP C 197 .*.     H  "
"ATOM   3119  HB3 CYS C 198 .*.     H  "
"ATOM   3133  HB3 LYS C 199 .*.     H  "
"ATOM   3135  HG3 LYS C 199 .*.     H  "
"ATOM   3137  HD3 LYS C 199 .*.     H  "
"ATOM   3139  HE3 LYS C 199 .*.     H  "
"ATOM   3169 HG13 ILE C 201 .*.     H  "
"ATOM   3187  HB3 LEU C 202 .*.     H  "
"ATOM   3207  HB3 LYS C 203 .*.     H  "
"ATOM   3209  HG3 LYS C 203 .*.     H  "
"ATOM   3211  HD3 LYS C 203 .*.     H  "
"ATOM   3213  HE3 LYS C 203 .*.     H  "
"ATOM   3238  HB3 LEU C 205 .*.     H  "
"ATOM   3252  HA3 GLY C 206 .*.     H  "
"ATOM   3262  HB3 PRO C 207 .*.     H  "
"ATOM   3264  HG3 PRO C 207 .*.     H  "
"ATOM   3266  HD3 PRO C 207 .*.     H  "
"ATOM   3273  HA3 GLY C 208 .*.     H  "
"ATOM   3309  HB3 LEU C 211 .*.     H  "
"ATOM   3329  HB3 GLU C 212 .*.     H  "
"ATOM   3331  HG3 GLU C 212 .*.     H  "
"ATOM   3344  HB3 GLU C 213 .*.     H  "
"ATOM   3346  HG3 GLU C 213 .*.     H  "
"ATOM   3358  HB3 MET C 214 .*.     H  "
"ATOM   3360  HG3 MET C 214 .*.     H  "
"ATOM   3375  HB3 MET C 215 .*.     H  "
"ATOM   3377  HG3 MET C 215 .*.     H  "
"ATOM   3414  HB3 CYS C 218 .*.     H  "
"ATOM   3428  HB3 GLN C 219 .*.     H  "
"ATOM   3430  HG3 GLN C 219 .*.     H  "
"ATOM   3439  HA3 GLY C 220 .*.     H  "
"ATOM   3456  OXT VAL C 221 .*.     O  "
"ATOM   3467  H1  SER D 149 .*.     H  "
"ATOM   3468  H2  SER D 149 .*.     H  "
"ATOM   3469  H3  SER D 149 .*.     H  "
"ATOM   3465  HB3 SER D 149 .*.     H  "
"ATOM   3482 HG13 ILE D 150 .*.     H  "
"ATOM   3500  HB3 LEU D 151 .*.     H  "
"ATOM   3519  HB3 ASP D 152 .*.     H  "
"ATOM   3532 HG13 ILE D 153 .*.     H  "
"ATOM   3553  HB3 ARG D 154 .*.     H  "
"ATOM   3555  HG3 ARG D 154 .*.     H  "
"ATOM   3557  HD3 ARG D 154 .*.     H  "
"ATOM   3575  HB3 GLN D 155 .*.     H  "
"ATOM   3577  HG3 GLN D 155 .*.     H  "
"ATOM   3586  HA3 GLY D 156 .*.     H  "
"ATOM   3596  HB3 PRO D 157 .*.     H  "
"ATOM   3598  HG3 PRO D 157 .*.     H  "
"ATOM   3600  HD3 PRO D 157 .*.     H  "
"ATOM   3613  HB3 LYS D 158 .*.     H  "
"ATOM   3615  HG3 LYS D 158 .*.     H  "
"ATOM   3617  HD3 LYS D 158 .*.     H  "
"ATOM   3619  HE3 LYS D 158 .*.     H  "
"ATOM   3635  HB3 GLU D 159 .*.     H  "
"ATOM   3637  HG3 GLU D 159 .*.     H  "
"ATOM   3647  HB3 PRO D 160 .*.     H  "
"ATOM   3649  HG3 PRO D 160 .*.     H  "
"ATOM   3651  HD3 PRO D 160 .*.     H  "
"ATOM   3666  HB3 PHE D 161 .*.     H  "
"ATOM   3686  HB3 ARG D 162 .*.     H  "
"ATOM   3688  HG3 ARG D 162 .*.     H  "
"ATOM   3690  HD3 ARG D 162 .*.     H  "
"ATOM   3707  HB3 ASP D 163 .*.     H  "
"ATOM   3723  HB3 TYR D 164 .*.     H  "
"ATOM   3756  HB3 ASP D 166 .*.     H  "
"ATOM   3771  HB3 ARG D 167 .*.     H  "
"ATOM   3773  HG3 ARG D 167 .*.     H  "
"ATOM   3775  HD3 ARG D 167 .*.     H  "
"ATOM   3795  HB3 PHE D 168 .*.     H  "
"ATOM   3816  HB3 TYR D 169 .*.     H  "
"ATOM   3834  HB3 LYS D 170 .*.     H  "
"ATOM   3836  HG3 LYS D 170 .*.     H  "
"ATOM   3838  HD3 LYS D 170 .*.     H  "
"ATOM   3840  HE3 LYS D 170 .*.     H  "
"ATOM   3869  HB3 LEU D 172 .*.     H  "
"ATOM   3891  HB3 ARG D 173 .*.     H  "
"ATOM   3893  HG3 ARG D 173 .*.     H  "
"ATOM   3895  HD3 ARG D 173 .*.     H  "
"ATOM   3923  HB3 GLU D 175 .*.     H  "
"ATOM   3925  HG3 GLU D 175 .*.     H  "
"ATOM   3938  HB3 GLN D 176 .*.     H  "
"ATOM   3940  HG3 GLN D 176 .*.     H  "
"ATOM   3962  HB3 SER D 178 .*.     H  "
"ATOM   3976  HB3 GLN D 179 .*.     H  "
"ATOM   3978  HG3 GLN D 179 .*.     H  "
"ATOM   3993  HB3 GLU D 180 .*.     H  "
"ATOM   3995  HG3 GLU D 180 .*.     H  "
"ATOM   4024  HB3 LYS D 182 .*.     H  "
"ATOM   4026  HG3 LYS D 182 .*.     H  "
"ATOM   4028  HD3 LYS D 182 .*.     H  "
"ATOM   4030  HE3 LYS D 182 .*.     H  "
"ATOM   4045  HB3 ASN D 183 .*.     H  "
"ATOM   4065  HB3 TRP D 184 .*.     H  "
"ATOM   4083  HB3 MET D 185 .*.     H  "
"ATOM   4085  HG3 MET D 185 .*.     H  "
"ATOM   4138  HB3 LEU D 189 .*.     H  "
"ATOM   4157  HB3 LEU D 190 .*.     H  "
"ATOM   4193  HB3 GLN D 192 .*.     H  "
"ATOM   4195  HG3 GLN D 192 .*.     H  "
"ATOM   4209  HB3 ASN D 193 .*.     H  "
"ATOM   4233  HB3 ASN D 195 .*.     H  "
"ATOM   4245  HB3 PRO D 196 .*.     H  "
"ATOM   4247  HG3 PRO D 196 .*.     H  "
"ATOM   4249  HD3 PRO D 196 .*.     H  "
"ATOM   4261  HB3 ASP D 197 .*.     H  "
"ATOM   4271  HB3 CYS D 198 .*.     H  "
"ATOM   4285  HB3 LYS D 199 .*.     H  "
"ATOM   4287  HG3 LYS D 199 .*.     H  "
"ATOM   4289  HD3 LYS D 199 .*.     H  "
"ATOM   4291  HE3 LYS D 199 .*.     H  "
"ATOM   4321 HG13 ILE D 201 .*.     H  "
"ATOM   4339  HB3 LEU D 202 .*.     H  "
"ATOM   4359  HB3 LYS D 203 .*.     H  "
"ATOM   4361  HG3 LYS D 203 .*.     H  "
"ATOM   4363  HD3 LYS D 203 .*.     H  "
"ATOM   4365  HE3 LYS D 203 .*.     H  "
"ATOM   4390  HB3 LEU D 205 .*.     H  "
"ATOM   4404  HA3 GLY D 206 .*.     H  "
"ATOM   4414  HB3 PRO D 207 .*.     H  "
"ATOM   4416  HG3 PRO D 207 .*.     H  "
"ATOM   4418  HD3 PRO D 207 .*.     H  "
"ATOM   4425  HA3 GLY D 208 .*.     H  "
"ATOM   4461  HB3 LEU D 211 .*.     H  "
"ATOM   4481  HB3 GLU D 212 .*.     H  "
"ATOM   4483  HG3 GLU D 212 .*.     H  "
"ATOM   4496  HB3 GLU D 213 .*.     H  "
"ATOM   4498  HG3 GLU D 213 .*.     H  "
"ATOM   4510  HB3 MET D 214 .*.     H  "
"ATOM   4512  HG3 MET D 214 .*.     H  "
"ATOM   4527  HB3 MET D 215 .*.     H  "
"ATOM   4529  HG3 MET D 215 .*.     H  "
"ATOM   4566  HB3 CYS D 218 .*.     H  "
"ATOM   4580  HB3 GLN D 219 .*.     H  "
"ATOM   4582  HG3 GLN D 219 .*.     H  "
"ATOM   4591  HA3 GLY D 220 .*.     H  "
"ATOM   4608  OXT VAL D 221 .*.     O  "
total_charge 0
3dtj_complete.pdb

  Output written to: 3dtj_complete.pdb
