/nfsexp/homes/m_zhen01/phenix-installer-dev-2497/phenix-dev-2497/build/lib:/nfsexp/homes/m_zhen01/phenix-installer-dev-2497/phenix-dev-2497/build/../base/lib64:/nfsexp/homes/m_zhen01/phenix-installer-dev-2497/phenix-dev-2497/build/../base/lib:/home/m/m_zhen01/my_gromacs_4.6/lib:/home/m/m_zhen01:/home/m/m_zhen01/TeraChem1.9/TeraChem/lib:/usr/qc/cuda-7.5/lib64:/usr/qc/cuda-7.5/lib:/usr/lib64/mpi/gcc/openmpi/lib64:/usr/qc/openmpi-1.8.8/lib64:/usr/qc/cuda-7.5/lib64:/usr/qc/cuda-7.5/lib:/home/m/m_zhen01/pyscf_exe/pyscf/lib/deps/lib:/lib:/lib64:/home/m/m_zhen01/MOPAC2016_for_Linux_64_bit:/home/m/m_zhen01/MOPAC2016_for_Linux_64_bit/Linux_mopac_cuda_5.5_libs/mopac_cuda_5.5_libs:=/home/m/m_zhen01/jdk1.8.0_91/jre/lib/amd64:=/home/m/m_zhen01/jdk1.8.0_91/jre/lib/amd64/server:/home/m/m_zhen01/phenix_babel/lib:/usr/qc/openmpi-1.8.8/lib64
/nfsexp/homes/m_zhen01/phenix-installer-dev-2497/phenix-dev-2497/build/../modules/cctbx_project:/nfsexp/homes/m_zhen01/phenix-installer-dev-2497/phenix-dev-2497/build/../modules:/nfsexp/homes/m_zhen01/phenix-installer-dev-2497/phenix-dev-2497/build/../modules/phenix:/nfsexp/homes/m_zhen01/phenix-installer-dev-2497/phenix-dev-2497/build/../modules/reel:/nfsexp/homes/m_zhen01/phenix-installer-dev-2497/phenix-dev-2497/build/../modules/phaser:/nfsexp/homes/m_zhen01/phenix-installer-dev-2497/phenix-dev-2497/build/../modules/tntbx:/nfsexp/homes/m_zhen01/phenix-installer-dev-2497/phenix-dev-2497/build/../modules/elbow:/nfsexp/homes/m_zhen01/phenix-installer-dev-2497/phenix-dev-2497/build/../modules/PyQuante:/nfsexp/homes/m_zhen01/phenix-installer-dev-2497/phenix-dev-2497/build/../modules/cctbx_project/boost_adaptbx:/nfsexp/homes/m_zhen01/phenix-installer-dev-2497/phenix-dev-2497/build/../modules/cctbx_project/libtbx/pythonpath:/nfsexp/homes/m_zhen01/phenix-installer-dev-2497/phenix-dev-2497/build/lib:/home/m/m_zhen01/pyscf_exe::/home/m/m_zhen01/JPype1-0.6.0-phenix/lib/python2.7/site-packages/:/home/m/m_zhen01/Girvan-Newman/:/home/m/m_zhen01/pymol/modules:/home/m/m_zhen01/my_numpy:/home/m/m_zhen01/my_numpy/lib64/python2.7/site-packages:/home/m/m_zhen01/phenix_babel/lib64/python2.7/site-packages
run 4rnf.pdb
"ATOM      9  H1  MET A   1 .*.     H  "
"ATOM     10  H2  MET A   1 .*.     H  "
"ATOM     11  H3  MET A   1 .*.     H  "
"ATOM     14  HB3 MET A   1 .*.     H  "
"ATOM     16  HG3 MET A   1 .*.     H  "
"ATOM     45  HB3 TYR A   3 .*.     H  "
"ATOM     66  HB3 TYR A   4 .*.     H  "
"ATOM     83  HB3 ASP A   5 .*.     H  "
"ATOM    105  HB3 LEU A   7 .*.     H  "
"ATOM    140  HB3 HIS A   9 .*.     H  "
"ATOM    155  HB3 LEU A  10 .*.     H  "
"ATOM    172  HB3 PRO A  11 .*.     H  "
"ATOM    174  HG3 PRO A  11 .*.     H  "
"ATOM    176  HD3 PRO A  11 .*.     H  "
"ATOM    188  HB3 ASN A  12 .*.     H  "
"ATOM    205  HB3 ARG A  13 .*.     H  "
"ATOM    207  HG3 ARG A  13 .*.     H  "
"ATOM    209  HD3 ARG A  13 .*.     H  "
"ATOM    240  HB3 LEU A  15 .*.     H  "
"ATOM    262  HB3 PHE A  16 .*.     H  "
"ATOM    280  HB3 GLN A  17 .*.     H  "
"ATOM    282  HG3 GLN A  17 .*.     H  "
"ATOM    296  HB3 ASP A  18 .*.     H  "
"ATOM    311  HB3 ARG A  19 .*.     H  "
"ATOM    313  HG3 ARG A  19 .*.     H  "
"ATOM    315  HD3 ARG A  19 .*.     H  "
"ATOM    332  HB3 LEU A  20 .*.     H  "
"ATOM    353  HB3 HIS A  21 .*.     H  "
"ATOM    392  HB3 LEU A  24 .*.     H  "
"ATOM    412  HB3 GLN A  25 .*.     H  "
"ATOM    414  HG3 GLN A  25 .*.     H  "
"ATOM    429  HB3 GLN A  26 .*.     H  "
"ATOM    431  HG3 GLN A  26 .*.     H  "
"ATOM    456  HB3 GLU A  28 .*.     H  "
"ATOM    458  HG3 GLU A  28 .*.     H  "
"ATOM    473  HB3 ARG A  29 .*.     H  "
"ATOM    475  HG3 ARG A  29 .*.     H  "
"ATOM    477  HD3 ARG A  29 .*.     H  "
"ATOM    494  HB3 ASN A  30 .*.     H  "
"ATOM    503  HA3 GLY A  31 .*.     H  "
"ATOM    516  HB3 GLN A  32 .*.     H  "
"ATOM    518  HG3 GLN A  32 .*.     H  "
"ATOM    538  HB3 TRP A  33 .*.     H  "
"ATOM    588  HB3 LEU A  36 .*.     H  "
"ATOM    607  HB3 MET A  37 .*.     H  "
"ATOM    609  HG3 MET A  37 .*.     H  "
"ATOM    627  HB3 PHE A  38 .*.     H  "
"ATOM    644  HB3 LEU A  39 .*.     H  "
"ATOM    663  HB3 ASP A  40 .*.     H  "
"ATOM    675  HB3 LEU A  41 .*.     H  "
"ATOM    694  HB3 ASP A  42 .*.     H  "
"ATOM    706  HB3 ASN A  48 .*.XXXX H  "
"ATOM    720  HB3 ASP A  49 .*.XXXX H  "
"ATOM    730  HB3 SER A  50 .*.XXXX H  "
"ATOM    743  HB3 LEU A  51 .*.XXXX H  "
"ATOM    757  HA3 GLY A  52 .*.     H  "
"ATOM    771  HB3 HIS A  53 .*.     H  "
"ATOM    801  HA3 GLY A  56 .*.     H  "
"ATOM    813  HB3 ASP A  57 .*.     H  "
"ATOM    828  HB3 ARG A  58 .*.     H  "
"ATOM    830  HG3 ARG A  58 .*.     H  "
"ATOM    832  HD3 ARG A  58 .*.     H  "
"ATOM    849  HB3 MET A  59 .*.     H  "
"ATOM    851  HG3 MET A  59 .*.     H  "
"ATOM    866  HB3 LEU A  60 .*.     H  "
"ATOM    886  HB3 GLN A  61 .*.     H  "
"ATOM    888  HG3 GLN A  61 .*.     H  "
"ATOM    903  HB3 GLU A  62 .*.     H  "
"ATOM    905  HG3 GLU A  62 .*.     H  "
"ATOM    960  HB3 ARG A  66 .*.     H  "
"ATOM    962  HG3 ARG A  66 .*.     H  "
"ATOM    964  HD3 ARG A  66 .*.     H  "
"ATOM    981  HB3 LEU A  67 .*.     H  "
"ATOM    998  HB3 SER A  68 .*.     H  "
"ATOM   1019  HB3 CYS A  70 .*.     H  "
"ATOM   1046  HB3 SER A  72 .*.     H  "
"ATOM   1060  HB3 GLN A  73 .*.     H  "
"ATOM   1062  HG3 GLN A  73 .*.     H  "
"ATOM   1076  HB3 ASP A  74 .*.     H  "
"ATOM   1088  HB3 ASP A  75 .*.     H  "
"ATOM   1143  HB3 ARG A  79 .*.     H  "
"ATOM   1145  HG3 ARG A  79 .*.     H  "
"ATOM   1147  HD3 ARG A  79 .*.     H  "
"ATOM   1164  HB3 MET A  80 .*.     H  "
"ATOM   1166  HG3 MET A  80 .*.     H  "
"ATOM   1176  HA3 GLY A  81 .*.     H  "
"ATOM   1183  HA3 GLY A  82 .*.     H  "
"ATOM   1195  HB3 ASP A  83 .*.     H  "
"ATOM   1208  HB3 GLU A  84 .*.     H  "
"ATOM   1210  HG3 GLU A  84 .*.     H  "
"ATOM   1225  HB3 PHE A  85 .*.     H  "
"ATOM   1256  HB3 LEU A  87 .*.     H  "
"ATOM   1275  HB3 LEU A  88 .*.     H  "
"ATOM   1294  HB3 LEU A  89 .*.     H  "
"ATOM   1311  HB3 PRO A  90 .*.     H  "
"ATOM   1313  HG3 PRO A  90 .*.     H  "
"ATOM   1315  HD3 PRO A  90 .*.     H  "
"ATOM   1325  HB3 SER A  91 .*.     H  "
"ATOM   1339  HB3 GLN A  92 .*.     H  "
"ATOM   1341  HG3 GLN A  92 .*.     H  "
"ATOM   1350  HA3 GLY A  93 .*.     H  "
"ATOM   1362  HB3 ASP A  94 .*.     H  "
"ATOM   1377  HB3 ARG A  95 .*.     H  "
"ATOM   1379  HG3 ARG A  95 .*.     H  "
"ATOM   1381  HD3 ARG A  95 .*.     H  "
"ATOM   1399  HB3 GLU A  96 .*.     H  "
"ATOM   1401  HG3 GLU A  96 .*.     H  "
"ATOM   1414 HG13 ILE A  97 .*.     H  "
"ATOM   1442  HB3 LEU A  99 .*.     H  "
"ATOM   1462  HB3 LYS A 100 .*.     H  "
"ATOM   1464  HG3 LYS A 100 .*.     H  "
"ATOM   1466  HD3 LYS A 100 .*.     H  "
"ATOM   1468  HE3 LYS A 100 .*.     H  "
"ATOM   1486  HB3 ARG A 101 .*.     H  "
"ATOM   1488  HG3 ARG A 101 .*.     H  "
"ATOM   1490  HD3 ARG A 101 .*.     H  "
"ATOM   1518 HG13 ILE A 103 .*.     H  "
"ATOM   1537  HB3 GLN A 104 .*.     H  "
"ATOM   1539  HG3 GLN A 104 .*.     H  "
"ATOM   1580  HB3 GLU A 107 .*.     H  "
"ATOM   1582  HG3 GLU A 107 .*.     H  "
"ATOM   1594  HB3 LEU A 108 .*.     H  "
"ATOM   1614 HG13 ILE A 109 .*.     H  "
"ATOM   1632  HB3 LEU A 110 .*.     H  "
"ATOM   1646  HA3 GLY A 111 .*.     H  "
"ATOM   1661  HB3 ARG A 112 .*.     H  "
"ATOM   1663  HG3 ARG A 112 .*.     H  "
"ATOM   1665  HD3 ARG A 112 .*.     H  "
"ATOM   1682  HB3 LEU A 113 .*.     H  "
"ATOM   1714  HB3 ARG A 115 .*.     H  "
"ATOM   1716  HG3 ARG A 115 .*.     H  "
"ATOM   1718  HD3 ARG A 115 .*.     H  "
"ATOM   1733  HB3 PRO A 116 .*.     H  "
"ATOM   1735  HG3 PRO A 116 .*.     H  "
"ATOM   1737  HD3 PRO A 116 .*.     H  "
"ATOM   1752  HB3 PHE A 117 .*.     H  "
"ATOM   1783  HB3 LEU A 119 .*.     H  "
"ATOM   1803  HB3 GLU A 120 .*.     H  "
"ATOM   1805  HG3 GLU A 120 .*.     H  "
"ATOM   1812  HA3 GLY A 121 .*.     H  "
"ATOM   1827  HB3 ARG A 122 .*.     H  "
"ATOM   1829  HG3 ARG A 122 .*.     H  "
"ATOM   1831  HD3 ARG A 122 .*.     H  "
"ATOM   1849  HB3 GLU A 123 .*.     H  "
"ATOM   1851  HG3 GLU A 123 .*.     H  "
"ATOM   1866  HB3 PHE A 124 .*.     H  "
"ATOM   1886  HB3 PHE A 125 .*.     H  "
"ATOM   1941  HB3 SER A 129 .*.     H  "
"ATOM   1955 HG13 ILE A 130 .*.     H  "
"ATOM   1968  HA3 GLY A 131 .*.     H  "
"ATOM   2006  HB3 LEU A 134 .*.     H  "
"ATOM   2023  HB3 SER A 135 .*.     H  "
"ATOM   2034  HB3 PRO A 136 .*.     H  "
"ATOM   2036  HG3 PRO A 136 .*.     H  "
"ATOM   2038  HD3 PRO A 136 .*.     H  "
"ATOM   2051  HB3 GLN A 137 .*.     H  "
"ATOM   2053  HG3 GLN A 137 .*.     H  "
"ATOM   2067  HB3 ASP A 138 .*.     H  "
"ATOM   2074  HA3 GLY A 139 .*.     H  "
"ATOM   2097  HB3 GLU A 141 .*.     H  "
"ATOM   2099  HG3 GLU A 141 .*.     H  "
"ATOM   2111  HB3 LEU A 142 .*.     H  "
"ATOM   2128  HB3 SER A 143 .*.     H  "
"ATOM   2141  HB3 LEU A 144 .*.     H  "
"ATOM   2160  HB3 LEU A 145 .*.     H  "
"ATOM   2179  HB3 MET A 146 .*.     H  "
"ATOM   2181  HG3 MET A 146 .*.     H  "
"ATOM   2197  HB3 LYS A 147 .*.     H  "
"ATOM   2199  HG3 LYS A 147 .*.     H  "
"ATOM   2201  HD3 LYS A 147 .*.     H  "
"ATOM   2203  HE3 LYS A 147 .*.     H  "
"ATOM   2218  HB3 ASN A 148 .*.     H  "
"ATOM   2242  HB3 ASP A 150 .*.     H  "
"ATOM   2278  HB3 MET A 153 .*.     H  "
"ATOM   2280  HG3 MET A 153 .*.     H  "
"ATOM   2299  HB3 TYR A 154 .*.     H  "
"ATOM   2318  HB3 HIS A 155 .*.     H  "
"ATOM   2344  HB3 LYS A 157 .*.     H  "
"ATOM   2346  HG3 LYS A 157 .*.     H  "
"ATOM   2348  HD3 LYS A 157 .*.     H  "
"ATOM   2350  HE3 LYS A 157 .*.     H  "
"ATOM   2366  HB3 GLU A 158 .*.     H  "
"ATOM   2368  HG3 GLU A 158 .*.     H  "
"ATOM   2380  HB3 MET A 159 .*.     H  "
"ATOM   2382  HG3 MET A 159 .*.     H  "
"ATOM   2392  HA3 GLY A 160 .*.     H  "
"ATOM   2405  HB3 LYS A 161 .*.     H  "
"ATOM   2407  HG3 LYS A 161 .*.     H  "
"ATOM   2409  HD3 LYS A 161 .*.     H  "
"ATOM   2411  HE3 LYS A 161 .*.     H  "
"ATOM   2426  HB3 ASN A 162 .*.     H  "
"ATOM   2440  HB3 ASN A 163 .*.     H  "
"ATOM   2457  HB3 PHE A 164 .*.     H  "
"ATOM   2475  HB3 GLN A 165 .*.     H  "
"ATOM   2477  HG3 GLN A 165 .*.     H  "
"ATOM   2494  HB3 PHE A 166 .*.     H  "
"ATOM   2515  HB3 TYR A 167 .*.     H  "
"ATOM   2533  HB3 GLN A 168 .*.     H  "
"ATOM   2535  HG3 GLN A 168 .*.     H  "
"ATOM   2560  HB3 GLU A 170 .*.     H  "
"ATOM   2562  HG3 GLU A 170 .*.     H  "
"ATOM   2574  HB3 MET A 171 .*.     H  "
"ATOM   2576  HG3 MET A 171 .*.     H  "
"ATOM   2591  HB3 ASN A 172 .*.     H  "
"ATOM   2618  HB3 ARG A 174 .*.     H  "
"ATOM   2620  HG3 ARG A 174 .*.     H  "
"ATOM   2622  HD3 ARG A 174 .*.     H  "
"ATOM   2649  HB3 LEU A 176 .*.     H  "
"ATOM   2669  HB3 GLU A 177 .*.     H  "
"ATOM   2671  HG3 GLU A 177 .*.     H  "
"ATOM   2686  HB3 ARG A 178 .*.     H  "
"ATOM   2688  HG3 ARG A 178 .*.     H  "
"ATOM   2690  HD3 ARG A 178 .*.     H  "
"ATOM   2707  HB3 LEU A 179 .*.     H  "
"ATOM   2727  HB3 GLU A 180 .*.     H  "
"ATOM   2729  HG3 GLU A 180 .*.     H  "
"ATOM   2741  HB3 LEU A 181 .*.     H  "
"ATOM   2761  HB3 GLU A 182 .*.     H  "
"ATOM   2763  HG3 GLU A 182 .*.     H  "
"ATOM   2773  HB3 SER A 183 .*.     H  "
"ATOM   2786  HB3 ASP A 184 .*.     H  "
"ATOM   2798  HB3 LEU A 185 .*.     H  "
"ATOM   2820  HB3 ARG A 186 .*.     H  "
"ATOM   2822  HG3 ARG A 186 .*.     H  "
"ATOM   2824  HD3 ARG A 186 .*.     H  "
"ATOM   2844  HB3 ARG A 187 .*.     H  "
"ATOM   2846  HG3 ARG A 187 .*.     H  "
"ATOM   2848  HD3 ARG A 187 .*.     H  "
"ATOM   2875  HB3 LEU A 189 .*.     H  "
"ATOM   2895  HB3 GLU A 190 .*.     H  "
"ATOM   2897  HG3 GLU A 190 .*.     H  "
"ATOM   2909  HB3 LEU A 191 .*.     H  "
"ATOM   2923  HA3 GLY A 192 .*.     H  "
"ATOM   2936  HB3 GLU A 193 .*.     H  "
"ATOM   2938  HG3 GLU A 193 .*.     H  "
"ATOM   2953  HB3 PHE A 194 .*.     H  "
"ATOM   2986  HB3 LEU A 196 .*.     H  "
"ATOM   3007  HB3 HIS A 197 .*.     H  "
"ATOM   3026  HB3 TYR A 198 .*.     H  "
"ATOM   3044  HB3 GLN A 199 .*.     H  "
"ATOM   3046  HG3 GLN A 199 .*.     H  "
"ATOM   3058  HB3 PRO A 200 .*.     H  "
"ATOM   3060  HG3 PRO A 200 .*.     H  "
"ATOM   3062  HD3 PRO A 200 .*.     H  "
"ATOM   3075  HB3 GLN A 201 .*.     H  "
"ATOM   3077  HG3 GLN A 201 .*.     H  "
"ATOM   3094  HB3 PHE A 202 .*.     H  "
"ATOM   3120  HA3 GLY A 204 .*.     H  "
"ATOM   3132  HB3 ASP A 205 .*.     H  "
"ATOM   3139  HA3 GLY A 206 .*.     H  "
"ATOM   3154  HB3 ARG A 207 .*.     H  "
"ATOM   3156  HG3 ARG A 207 .*.     H  "
"ATOM   3158  HD3 ARG A 207 .*.     H  "
"ATOM   3178  HB3 ARG A 208 .*.     H  "
"ATOM   3180  HG3 ARG A 208 .*.     H  "
"ATOM   3182  HD3 ARG A 208 .*.     H  "
"ATOM   3199  HB3 LEU A 209 .*.     H  "
"ATOM   3227  HA3 GLY A 211 .*.     H  "
"ATOM   3250  HB3 GLU A 213 .*.     H  "
"ATOM   3252  HG3 GLU A 213 .*.     H  "
"ATOM   3274  HB3 LEU A 215 .*.     H  "
"ATOM   3293  HB3 LEU A 216 .*.     H  "
"ATOM   3315  HB3 ARG A 217 .*.     H  "
"ATOM   3317  HG3 ARG A 217 .*.     H  "
"ATOM   3319  HD3 ARG A 217 .*.     H  "
"ATOM   3342  HB3 TRP A 218 .*.     H  "
"ATOM   3361  HB3 GLN A 219 .*.     H  "
"ATOM   3363  HG3 GLN A 219 .*.     H  "
"ATOM   3379  HB3 HIS A 220 .*.     H  "
"ATOM   3392  HB3 PRO A 221 .*.     H  "
"ATOM   3394  HG3 PRO A 221 .*.     H  "
"ATOM   3396  HD3 PRO A 221 .*.     H  "
"ATOM   3411  HB3 ARG A 222 .*.     H  "
"ATOM   3413  HG3 ARG A 222 .*.     H  "
"ATOM   3415  HD3 ARG A 222 .*.     H  "
"ATOM   3435  HB3 ARG A 223 .*.     H  "
"ATOM   3437  HG3 ARG A 223 .*.     H  "
"ATOM   3439  HD3 ARG A 223 .*.     H  "
"ATOM   3451  HA3 GLY A 224 .*.     H  "
"ATOM   3463  HB3 LEU A 225 .*.     H  "
"ATOM   3496  HB3 PRO A 227 .*.     H  "
"ATOM   3498  HG3 PRO A 227 .*.     H  "
"ATOM   3500  HD3 PRO A 227 .*.     H  "
"ATOM   3510  HB3 PRO A 228 .*.     H  "
"ATOM   3512  HG3 PRO A 228 .*.     H  "
"ATOM   3514  HD3 PRO A 228 .*.     H  "
"ATOM   3524  HB3 SER A 229 .*.     H  "
"ATOM   3538  HB3 GLU A 230 .*.     H  "
"ATOM   3540  HG3 GLU A 230 .*.     H  "
"ATOM   3555  HB3 PHE A 231 .*.     H  "
"ATOM   3573 HG13 ILE A 232 .*.     H  "
"ATOM   3589  HB3 PRO A 233 .*.     H  "
"ATOM   3591  HG3 PRO A 233 .*.     H  "
"ATOM   3593  HD3 PRO A 233 .*.     H  "
"ATOM   3621  HB3 LEU A 235 .*.     H  "
"ATOM   3641  HB3 GLU A 236 .*.     H  "
"ATOM   3643  HG3 GLU A 236 .*.     H  "
"ATOM   3656  HB3 GLU A 237 .*.     H  "
"ATOM   3658  HG3 GLU A 237 .*.     H  "
"ATOM   3671 HG13 ILE A 238 .*.     H  "
"ATOM   3684  HA3 GLY A 239 .*.     H  "
"ATOM   3696  HB3 LEU A 240 .*.     H  "
"ATOM   3742  HB3 GLN A 243 .*.     H  "
"ATOM   3744  HG3 GLN A 243 .*.     H  "
"ATOM   3769  HA3 GLY A 245 .*.     H  "
"ATOM   3781  HB3 ASP A 246 .*.     H  "
"ATOM   3799  HB3 TRP A 247 .*.     H  "
"ATOM   3817  HB3 LEU A 248 .*.     H  "
"ATOM   3836  HB3 LEU A 249 .*.     H  "
"ATOM   3866  HB3 GLU A 251 .*.     H  "
"ATOM   3868  HG3 GLU A 251 .*.     H  "
"ATOM   3888  HB3 CYS A 253 .*.     H  "
"ATOM   3902  HB3 LYS A 254 .*.     H  "
"ATOM   3904  HG3 LYS A 254 .*.     H  "
"ATOM   3906  HD3 LYS A 254 .*.     H  "
"ATOM   3908  HE3 LYS A 254 .*.     H  "
"ATOM   3924  HB3 GLN A 255 .*.     H  "
"ATOM   3926  HG3 GLN A 255 .*.     H  "
"ATOM   3940  HB3 LEU A 256 .*.     H  "
"ATOM   3962  HB3 ARG A 257 .*.     H  "
"ATOM   3964  HG3 ARG A 257 .*.     H  "
"ATOM   3966  HD3 ARG A 257 .*.     H  "
"ATOM   3981  HB3 SER A 258 .*.     H  "
"ATOM   4000  HB3 TRP A 259 .*.     H  "
"ATOM   4020  HB3 HIS A 260 .*.     H  "
"ATOM   4036  HB3 LYS A 261 .*.     H  "
"ATOM   4038  HG3 LYS A 261 .*.     H  "
"ATOM   4040  HD3 LYS A 261 .*.     H  "
"ATOM   4042  HE3 LYS A 261 .*.     H  "
"ATOM   4068  HB3 LYS A 263 .*.     H  "
"ATOM   4070  HG3 LYS A 263 .*.     H  "
"ATOM   4072  HD3 LYS A 263 .*.     H  "
"ATOM   4074  HE3 LYS A 263 .*.     H  "
"ATOM   4108  HB3 ARG A 265 .*.     H  "
"ATOM   4110  HG3 ARG A 265 .*.     H  "
"ATOM   4112  HD3 ARG A 265 .*.     H  "
"ATOM   4143  HB3 PRO A 267 .*.     H  "
"ATOM   4145  HG3 PRO A 267 .*.     H  "
"ATOM   4147  HD3 PRO A 267 .*.     H  "
"ATOM   4160  HB3 LYS A 268 .*.     H  "
"ATOM   4162  HG3 LYS A 268 .*.     H  "
"ATOM   4164  HD3 LYS A 268 .*.     H  "
"ATOM   4166  HE3 LYS A 268 .*.     H  "
"ATOM   4195  HB3 SER A 270 .*.     H  "
"ATOM   4224  HB3 ASN A 272 .*.     H  "
"ATOM   4238  HB3 LEU A 273 .*.     H  "
"ATOM   4255  HB3 SER A 274 .*.     H  "
"ATOM   4281  HB3 ARG A 276 .*.     H  "
"ATOM   4283  HG3 ARG A 276 .*.     H  "
"ATOM   4285  HD3 ARG A 276 .*.     H  "
"ATOM   4303  HB3 GLN A 277 .*.     H  "
"ATOM   4305  HG3 GLN A 277 .*.     H  "
"ATOM   4322  HB3 PHE A 278 .*.     H  "
"ATOM   4349  HB3 ASP A 280 .*.     H  "
"ATOM   4356  HA3 GLY A 281 .*.     H  "
"ATOM   4369  HB3 GLN A 282 .*.     H  "
"ATOM   4371  HG3 GLN A 282 .*.     H  "
"ATOM   4385  HB3 LEU A 283 .*.     H  "
"ATOM   4399  HA3 GLY A 284 .*.     H  "
"ATOM   4412  HB3 GLU A 285 .*.     H  "
"ATOM   4414  HG3 GLU A 285 .*.     H  "
"ATOM   4429  HB3 ARG A 286 .*.     H  "
"ATOM   4431  HG3 ARG A 286 .*.     H  "
"ATOM   4433  HD3 ARG A 286 .*.     H  "
"ATOM   4451 HG13 ILE A 287 .*.     H  "
"ATOM   4490 HG13 ILE A 290 .*.     H  "
"ATOM   4508  HB3 LEU A 291 .*.     H  "
"ATOM   4531  HB3 TYR A 292 .*.     H  "
"ATOM   4549  HB3 GLU A 293 .*.     H  "
"ATOM   4551  HG3 GLU A 293 .*.     H  "
"ATOM   4572  HA3 GLY A 295 .*.     H  "
"ATOM   4585 HG13 ILE A 296 .*.     H  "
"ATOM   4601  HB3 PRO A 297 .*.     H  "
"ATOM   4603  HG3 PRO A 297 .*.     H  "
"ATOM   4605  HD3 PRO A 297 .*.     H  "
"ATOM   4615  HB3 PRO A 298 .*.     H  "
"ATOM   4617  HG3 PRO A 298 .*.     H  "
"ATOM   4619  HD3 PRO A 298 .*.     H  "
"ATOM   4639  HB3 CYS A 300 .*.     H  "
"ATOM   4652  HB3 LEU A 301 .*.     H  "
"ATOM   4672  HB3 GLU A 302 .*.     H  "
"ATOM   4674  HG3 GLU A 302 .*.     H  "
"ATOM   4686  HB3 LEU A 303 .*.     H  "
"ATOM   4706  HB3 GLU A 304 .*.     H  "
"ATOM   4708  HG3 GLU A 304 .*.     H  "
"ATOM   4720  HB3 LEU A 305 .*.     H  "
"ATOM   4754  HB3 GLU A 307 .*.     H  "
"ATOM   4756  HG3 GLU A 307 .*.     H  "
"ATOM   4766  HB3 SER A 308 .*.     H  "
"ATOM   4780 HG13 ILE A 309 .*.     H  "
"ATOM   4798  HB3 LEU A 310 .*.     H  "
"ATOM   4817  HB3 MET A 311 .*.     H  "
"ATOM   4819  HG3 MET A 311 .*.     H  "
"ATOM   4832  HB3 SER A 312 .*.     H  "
"ATOM   4845  HB3 ASP A 313 .*.     H  "
"ATOM   4884  HB3 GLU A 316 .*.     H  "
"ATOM   4886  HG3 GLU A 316 .*.     H  "
"ATOM   4908  HB3 MET A 318 .*.     H  "
"ATOM   4910  HG3 MET A 318 .*.     H  "
"ATOM   4926  HB3 GLN A 319 .*.     H  "
"ATOM   4928  HG3 GLN A 319 .*.     H  "
"ATOM   4943 HG13 ILE A 320 .*.     H  "
"ATOM   4961  HB3 LEU A 321 .*.     H  "
"ATOM   4978  HB3 SER A 322 .*.     H  "
"ATOM   4986  HA3 GLY A 323 .*.     H  "
"ATOM   4998  HB3 LEU A 324 .*.     H  "
"ATOM   5018  HB3 LYS A 325 .*.     H  "
"ATOM   5020  HG3 LYS A 325 .*.     H  "
"ATOM   5022  HD3 LYS A 325 .*.     H  "
"ATOM   5024  HE3 LYS A 325 .*.     H  "
"ATOM   5042  HB3 ARG A 326 .*.     H  "
"ATOM   5044  HG3 ARG A 326 .*.     H  "
"ATOM   5046  HD3 ARG A 326 .*.     H  "
"ATOM   5063  HB3 LEU A 327 .*.     H  "
"ATOM   5077  HA3 GLY A 328 .*.     H  "
"ATOM   5089  HB3 LEU A 329 .*.     H  "
"ATOM   5119 HG13 ILE A 331 .*.     H  "
"ATOM   5163  HB3 ASN A 334 .*.     H  "
"ATOM   5177  HB3 ASN A 335 .*.     H  "
"ATOM   5194  HB3 PHE A 336 .*.     H  "
"ATOM   5206  HA3 GLY A 337 .*.     H  "
"ATOM   5227  HA3 GLY A 339 .*.     H  "
"ATOM   5243  HB3 TYR A 340 .*.     H  "
"ATOM   5258  HB3 SER A 341 .*.     H  "
"ATOM   5269  HB3 SER A 342 .*.     H  "
"ATOM   5282  HB3 LEU A 343 .*.     H  "
"ATOM   5301  HB3 ASN A 344 .*.     H  "
"ATOM   5319  HB3 TYR A 345 .*.     H  "
"ATOM   5336  HB3 LEU A 346 .*.     H  "
"ATOM   5356  HB3 LYS A 347 .*.     H  "
"ATOM   5358  HG3 LYS A 347 .*.     H  "
"ATOM   5360  HD3 LYS A 347 .*.     H  "
"ATOM   5362  HE3 LYS A 347 .*.     H  "
"ATOM   5378  HB3 GLN A 348 .*.     H  "
"ATOM   5380  HG3 GLN A 348 .*.     H  "
"ATOM   5397  HB3 PHE A 349 .*.     H  "
"ATOM   5412  HB3 PRO A 350 .*.     H  "
"ATOM   5414  HG3 PRO A 350 .*.     H  "
"ATOM   5416  HD3 PRO A 350 .*.     H  "
"ATOM   5429 HG13 ILE A 351 .*.     H  "
"ATOM   5447  HB3 ASP A 352 .*.     H  "
"ATOM   5475  HB3 LEU A 354 .*.     H  "
"ATOM   5495  HB3 LYS A 355 .*.     H  "
"ATOM   5497  HG3 LYS A 355 .*.     H  "
"ATOM   5499  HD3 LYS A 355 .*.     H  "
"ATOM   5501  HE3 LYS A 355 .*.     H  "
"ATOM   5517 HG13 ILE A 356 .*.     H  "
"ATOM   5535  HB3 ASP A 357 .*.     H  "
"ATOM   5550  HB3 ARG A 358 .*.     H  "
"ATOM   5552  HG3 ARG A 358 .*.     H  "
"ATOM   5554  HD3 ARG A 358 .*.     H  "
"ATOM   5569  HB3 SER A 359 .*.     H  "
"ATOM   5585  HB3 PHE A 360 .*.     H  "
"ATOM   5618  HB3 ASP A 362 .*.     H  "
"ATOM   5625  HA3 GLY A 363 .*.     H  "
"ATOM   5637  HB3 LEU A 364 .*.     H  "
"ATOM   5654  HB3 PRO A 365 .*.     H  "
"ATOM   5656  HG3 PRO A 365 .*.     H  "
"ATOM   5658  HD3 PRO A 365 .*.     H  "
"ATOM   5672  HB3 HIS A 366 .*.     H  "
"ATOM   5682  HA3 GLY A 367 .*.     H  "
"ATOM   5695  HB3 GLU A 368 .*.     H  "
"ATOM   5697  HG3 GLU A 368 .*.     H  "
"ATOM   5710  HB3 GLN A 369 .*.     H  "
"ATOM   5712  HG3 GLN A 369 .*.     H  "
"ATOM   5726  HB3 ASP A 370 .*.     H  "
"ATOM   5749  HB3 GLN A 372 .*.     H  "
"ATOM   5751  HG3 GLN A 372 .*.     H  "
"ATOM   5766 HG13 ILE A 373 .*.     H  "
"ATOM   5797  HB3 ARG A 375 .*.     H  "
"ATOM   5799  HG3 ARG A 375 .*.     H  "
"ATOM   5801  HD3 ARG A 375 .*.     H  "
"ATOM   5829 HG13 ILE A 377 .*.     H  "
"ATOM   5848 HG13 ILE A 378 .*.     H  "
"ATOM   5876  HB3 MET A 380 .*.     H  "
"ATOM   5878  HG3 MET A 380 .*.     H  "
"ATOM   5905  HB3 HIS A 382 .*.     H  "
"ATOM   5918  HB3 SER A 383 .*.     H  "
"ATOM   5931  HB3 LEU A 384 .*.     H  "
"ATOM   5950  HB3 ASN A 385 .*.     H  "
"ATOM   5964  HB3 LEU A 386 .*.     H  "
"ATOM   5983  HB3 MET A 387 .*.     H  "
"ATOM   5985  HG3 MET A 387 .*.     H  "
"ATOM   6017 HG13 ILE A 389 .*.     H  "
"ATOM   6046  HB3 GLU A 391 .*.     H  "
"ATOM   6048  HG3 GLU A 391 .*.     H  "
"ATOM   6055  HA3 GLY A 392 .*.     H  "
"ATOM   6084  HB3 GLU A 394 .*.     H  "
"ATOM   6086  HG3 GLU A 394 .*.     H  "
"ATOM   6096  HB3 SER A 395 .*.     H  "
"ATOM   6110  HB3 GLN A 396 .*.     H  "
"ATOM   6112  HG3 GLN A 396 .*.     H  "
"ATOM   6137  HB3 GLN A 398 .*.     H  "
"ATOM   6139  HG3 GLN A 398 .*.     H  "
"ATOM   6153  HB3 LEU A 399 .*.     H  "
"ATOM   6172  HB3 ASP A 400 .*.     H  "
"ATOM   6187  HB3 PHE A 401 .*.     H  "
"ATOM   6204  HB3 LEU A 402 .*.     H  "
"ATOM   6226  HB3 ARG A 403 .*.     H  "
"ATOM   6228  HG3 ARG A 403 .*.     H  "
"ATOM   6230  HD3 ARG A 403 .*.     H  "
"ATOM   6248  HB3 GLU A 404 .*.     H  "
"ATOM   6250  HG3 GLU A 404 .*.     H  "
"ATOM   6264  HB3 HIS A 405 .*.     H  "
"ATOM   6274  HA3 GLY A 406 .*.     H  "
"ATOM   6284  HB3 CYS A 407 .*.     H  "
"ATOM   6297  HB3 ASP A 408 .*.     H  "
"ATOM   6310  HB3 GLU A 409 .*.     H  "
"ATOM   6312  HG3 GLU A 409 .*.     H  "
"ATOM   6341  HB3 GLN A 411 .*.     H  "
"ATOM   6343  HG3 GLN A 411 .*.     H  "
"ATOM   6352  HA3 GLY A 412 .*.     H  "
"ATOM   6368  HB3 TYR A 413 .*.     H  "
"ATOM   6385  HB3 LEU A 414 .*.     H  "
"ATOM   6407  HB3 PHE A 415 .*.     H  "
"ATOM   6419  HA3 GLY A 416 .*.     H  "
"ATOM   6434  HB3 ARG A 417 .*.     H  "
"ATOM   6436  HG3 ARG A 417 .*.     H  "
"ATOM   6438  HD3 ARG A 417 .*.     H  "
"ATOM   6453  HB3 PRO A 418 .*.     H  "
"ATOM   6455  HG3 PRO A 418 .*.     H  "
"ATOM   6457  HD3 PRO A 418 .*.     H  "
"ATOM   6469  HB3 MET A 419 .*.     H  "
"ATOM   6471  HG3 MET A 419 .*.     H  "
"ATOM   6484  HB3 PRO A 420 .*.     H  "
"ATOM   6486  HG3 PRO A 420 .*.     H  "
"ATOM   6488  HD3 PRO A 420 .*.     H  "
"ATOM   6511  HB3 GLU A 422 .*.     H  "
"ATOM   6513  HG3 GLU A 422 .*.     H  "
"ATOM   6526  HB3 GLN A 423 .*.     H  "
"ATOM   6528  HG3 GLN A 423 .*.     H  "
"ATOM   6545  HB3 PHE A 424 .*.     H  "
"ATOM   6557  HA3 GLY A 425 .*.     H  "
"ATOM   6569  HB3 MET A 426 .*.     H  "
"ATOM   6571  HG3 MET A 426 .*.     H  "
"ATOM   6586  HB3 LEU A 427 .*.     H  "
"ATOM   6609  HB3 TYR A 428 .*.     H  "
"ATOM   6636  OXT SER A 430 .*.     O  "
"ATOM   6634  HB3 SER A 430 .*.     H  "
total_charge -15
4rnf_complete.pdb

  Output written to: 4rnf_complete.pdb
