/home/m/m_zhen01/my_gromacs_4.6/lib:/home/m/m_zhen01:/home/m/m_zhen01/TeraChem1.9/TeraChem/lib:/usr/qc/cuda-7.5/lib64:/usr/qc/cuda-7.5/lib:/usr/lib64/mpi/gcc/openmpi/lib64:/usr/qc/openmpi-1.8.8/lib64:/usr/qc/cuda-7.5/lib64:/usr/qc/cuda-7.5/lib:/home/m/m_zhen01/pyscf_exe/pyscf/lib/deps/lib:/lib:/lib64:/home/m/m_zhen01/MOPAC2016_for_Linux_64_bit:/home/m/m_zhen01/MOPAC2016_for_Linux_64_bit/Linux_mopac_cuda_5.5_libs/mopac_cuda_5.5_libs:=/home/m/m_zhen01/jdk1.8.0_91/jre/lib/amd64:=/home/m/m_zhen01/jdk1.8.0_91/jre/lib/amd64/server:/home/m/m_zhen01/phenix_babel/lib:/usr/qc/openmpi-1.8.8/lib64
/home/m/m_zhen01/pyscf_exe::/home/m/m_zhen01/JPype1-0.6.0-phenix/lib/python2.7/site-packages/:/home/m/m_zhen01/Girvan-Newman/:/home/m/m_zhen01/pymol/modules:/home/m/m_zhen01/my_numpy:/home/m/m_zhen01/my_numpy/lib64/python2.7/site-packages:/home/m/m_zhen01/phenix_babel/lib64/python2.7/site-packages

============================== Collecting inputs ==============================


                   ----------Processing X-ray data----------                   

F-obs:
  /scratch/m_zhen01/3459.libra00/01/2oeq_refine_001.mtz:F-obs,SIGF-obs
Miller array info: /scratch/m_zhen01/3459.libra00/01/2oeq_refine_001.mtz:F-obs,SIGF-obs
Observation type: xray.amplitude
Type of data: double, size=10827
Type of sigmas: double, size=10827
Number of Miller indices: 10827
Anomalous flag: False
Unit cell: (43.901, 54.353, 59.629, 69.673, 81.926, 72.565)
Space group: P 1 (No. 1)
Systematic absences: 0
Centric reflections: 0
Resolution range: 34.1678 2.90013
Completeness in resolution range: 0.991756
Completeness with d_max=infinity: 0.991211
Wavelength: 1.0000

Number of F-obs in resolution range:                   10827
Number of F-obs<0 (these reflections will be rejected): 0
Number of F-obs=0 (these reflections will be used in refinement): 0
Refinement resolution range: d_max =  34.1678
                             d_min =   2.9001

R-free flags:
  /scratch/m_zhen01/3459.libra00/01/2oeq_refine_001.mtz:R-free-flags
Miller array info: /scratch/m_zhen01/3459.libra00/01/2oeq_refine_001.mtz:R-free-flags
Observation type: None
Type of data: int, size=10923
Type of sigmas: None
Number of Miller indices: 10923
Anomalous flag: False
Unit cell: (43.901, 54.353, 59.629, 69.673, 81.926, 72.565)
Space group: P 1 (No. 1)
Systematic absences: 0
Centric reflections: 0
Resolution range: 55.8694 2.90013
Completeness in resolution range: 1
Completeness with d_max=infinity: 1
Wavelength: 1.0000

Test (R-free flags) flag value: 0

Number of work/free reflections by resolution:
                                         work  free  %free
  bin  1: 34.1702 -  6.2367 [1078/1089]   980    98   9.1%
  bin  2:  6.2367 -  4.9551 [1075/1079]   970   105   9.8%
  bin  3:  4.9551 -  4.3302 [1090/1093]   973   117  10.7%
  bin  4:  4.3302 -  3.9349 [1101/1107]   985   116  10.5%
  bin  5:  3.9349 -  3.6532 [1071/1079]   967   104   9.7%
  bin  6:  3.6532 -  3.4380 [1088/1099]   974   114  10.5%
  bin  7:  3.4380 -  3.2660 [1087/1096]   973   114  10.5%
  bin  8:  3.2660 -  3.1239 [1070/1082]   952   118  11.0%
  bin  9:  3.1239 -  3.0037 [1089/1100]   966   123  11.3%
  bin 10:  3.0037 -  2.9001 [1078/1093]   977   101   9.4%
                                overall  9717  1110  10.3%

                   ----------Processing PDB file(s)----------                  

  Monomer Library directory:
    "/home/m/m_zhen01/phenix-installer-dev-2497/phenix-dev-2497/modules/chem_data/mon_lib"
  Total number of atoms: 7585
  Number of models: 1
  Model: ""
    Number of chains: 5
    Chain: "A"
      Number of atoms: 1863
      Number of conformers: 1
      Conformer: ""
        Number of residues, atoms: 113, 1863
          Classifications: {'peptide': 113}
          Modifications used: {'COO': 1, 'NH3': 1}
          Link IDs: {'PTRANS': 4, 'TRANS': 108}
    Chain: "B"
      Number of atoms: 1880
      Number of conformers: 1
      Conformer: ""
        Number of residues, atoms: 114, 1880
          Classifications: {'peptide': 114}
          Modifications used: {'COO': 1, 'NH3': 1}
          Link IDs: {'PTRANS': 4, 'TRANS': 109}
    Chain: "C"
      Number of atoms: 1913
      Number of conformers: 1
      Conformer: ""
        Number of residues, atoms: 117, 1913
          Classifications: {'peptide': 117}
          Modifications used: {'COO': 1, 'NH3': 1}
          Link IDs: {'PTRANS': 4, 'TRANS': 112}
    Chain: "D"
      Number of atoms: 1908
      Number of conformers: 1
      Conformer: ""
        Number of residues, atoms: 116, 1908
          Classifications: {'peptide': 116}
          Modifications used: {'COO': 1, 'NH3': 1}
          Link IDs: {'PTRANS': 4, 'TRANS': 111}
    Chain: "S"
      Number of atoms: 21
      Number of conformers: 1
      Conformer: ""
        Number of residues, atoms: 7, 21
          Classifications: {'water': 7}
          Link IDs: {None: 6}
  Time building chain proxies: 1.82, per 1000 atoms: 0.24
  Number of scatterers: 7585
  At special positions: 0
  Unit cell: (43.901, 54.353, 59.629, 69.673, 81.926, 72.565)
  Space group: P 1 (No. 1)
  Number of sites at special positions: 0
  Number of scattering types: 5
    Type Number    sf(0)
     Se     28     33.99
     O     703      8.00
     N     700      7.00
     C    2325      6.00
     H    3829      1.00
    sf(0) = scattering factor at diffraction angle 0.

  Number of disulfides: simple=0, symmetry=0

  Automatic linking
    Parameters for automatic linking
      Linking & cutoffs
        Metal                : False - 3.50
        Amimo acid           : False - 1.90
        Carbohydrate         : True  - 1.99
        Ligands              : True  - 1.99
        Amino acid - RNA/DNA : False
      
  Number of custom bonds: simple=0, symmetry=0
  Time building additional restraints: 1.63
  Conformation dependent library (CDL) restraints added in 112.6 milliseconds
  
  Adding C-beta torsion restraints...
  Number of C-beta restraints generated:  910

  Time building geometry restraints manager: 1.83 seconds

  NOTE: a complete listing of the restraints can be obtained by requesting
        output of .geo file.

  Histogram of bond lengths:
        0.84 -     1.06: 3829
        1.06 -     1.29: 666
        1.29 -     1.51: 1476
        1.51 -     1.73: 1595
        1.73 -     1.96: 56
  Bond restraints: 7622
  Sorted by residual:
  bond pdb=" N   SER C   2 "
       pdb=" CA  SER C   2 "
    ideal  model  delta    sigma   weight residual
    1.491  1.457  0.034 2.10e-02 2.27e+03 2.55e+00
  bond pdb=" N   GLU B   3 "
       pdb=" CA  GLU B   3 "
    ideal  model  delta    sigma   weight residual
    1.491  1.458  0.033 2.10e-02 2.27e+03 2.42e+00
  bond pdb=" N   MSE D   1 "
       pdb=" CA  MSE D   1 "
    ideal  model  delta    sigma   weight residual
    1.491  1.459  0.032 2.10e-02 2.27e+03 2.28e+00
  bond pdb=" N   GLU A   3 "
       pdb=" CA  GLU A   3 "
    ideal  model  delta    sigma   weight residual
    1.491  1.460  0.031 2.10e-02 2.27e+03 2.21e+00
  bond pdb=" CA  ILE A  62 "
       pdb=" C   ILE A  62 "
    ideal  model  delta    sigma   weight residual
    1.523  1.538 -0.015 1.27e-02 6.20e+03 1.43e+00
  ... (remaining 7617 not shown)

  Histogram of bond angle deviations from ideal:
       97.64 -   104.37: 64
      104.37 -   111.11: 8378
      111.11 -   117.84: 1928
      117.84 -   124.58: 2985
      124.58 -   131.31: 429
  Bond angle restraints: 13784
  Sorted by residual:
  angle pdb=" C   SER D 114 "
        pdb=" N   PHE D 115 "
        pdb=" CA  PHE D 115 "
      ideal   model   delta    sigma   weight residual
     120.38  123.90   -3.52 1.46e+00 4.69e-01 5.80e+00
  angle pdb=" C   MSE D 105 "
        pdb=" N   LYS D 106 "
        pdb=" CA  LYS D 106 "
      ideal   model   delta    sigma   weight residual
     120.97  124.23   -3.26 1.48e+00 4.57e-01 4.84e+00
  angle pdb=" C   ALA A  28 "
        pdb=" N   TYR A  29 "
        pdb=" CA  TYR A  29 "
      ideal   model   delta    sigma   weight residual
     120.28  117.50    2.78 1.34e+00 5.57e-01 4.32e+00
  angle pdb=" CA  LEU C  63 "
        pdb=" CB  LEU C  63 "
        pdb=" CG  LEU C  63 "
      ideal   model   delta    sigma   weight residual
     116.30  123.34   -7.04 3.50e+00 8.16e-02 4.05e+00
  angle pdb=" CZ  ARG B 113 "
        pdb=" NE  ARG B 113 "
        pdb=" HE  ARG B 113 "
      ideal   model   delta    sigma   weight residual
     117.90  112.11    5.79 3.00e+00 1.11e-01 3.72e+00
  ... (remaining 13779 not shown)

  Histogram of dihedral angle deviations from ideal:
        0.00 -    36.00: 2871
       36.00 -    72.00: 136
       72.00 -   108.00: 18
      108.00 -   143.99: 5
      143.99 -   179.99: 31
  Dihedral angle restraints: 3061
    sinusoidal: 1559
      harmonic: 1502
  Sorted by residual:
  dihedral pdb=" CD  ARG D  85 "
           pdb=" NE  ARG D  85 "
           pdb=" CZ  ARG D  85 "
           pdb=" NH1 ARG D  85 "
      ideal   model   delta sinusoidal    sigma   weight residual
       0.00  179.99 -179.99     1      1.00e+01 1.00e-02 1.92e+02
  dihedral pdb=" CD  ARG D  51 "
           pdb=" NE  ARG D  51 "
           pdb=" CZ  ARG D  51 "
           pdb=" NH1 ARG D  51 "
      ideal   model   delta sinusoidal    sigma   weight residual
       0.00 -179.99  179.99     1      1.00e+01 1.00e-02 1.92e+02
  dihedral pdb=" CD  ARG B  40 "
           pdb=" NE  ARG B  40 "
           pdb=" CZ  ARG B  40 "
           pdb=" NH1 ARG B  40 "
      ideal   model   delta sinusoidal    sigma   weight residual
       0.00  179.95 -179.95     1      1.00e+01 1.00e-02 1.92e+02
  ... (remaining 3058 not shown)

  Histogram of chiral volume deviations from ideal:
       0.000 -    0.033: 409
       0.033 -    0.066: 98
       0.066 -    0.099: 34
       0.099 -    0.133: 12
       0.133 -    0.166: 2
  Chirality restraints: 555
  Sorted by residual:
  chirality pdb=" CA  ILE A  62 "
            pdb=" N   ILE A  62 "
            pdb=" C   ILE A  62 "
            pdb=" CB  ILE A  62 "
    both_signs  ideal   model   delta    sigma   weight residual
      False      2.43    2.60   -0.17 2.00e-01 2.50e+01 6.86e-01
  chirality pdb=" CA  ILE D  62 "
            pdb=" N   ILE D  62 "
            pdb=" C   ILE D  62 "
            pdb=" CB  ILE D  62 "
    both_signs  ideal   model   delta    sigma   weight residual
      False      2.43    2.58   -0.14 2.00e-01 2.50e+01 5.13e-01
  chirality pdb=" CB  ILE D  67 "
            pdb=" CA  ILE D  67 "
            pdb=" CG1 ILE D  67 "
            pdb=" CG2 ILE D  67 "
    both_signs  ideal   model   delta    sigma   weight residual
      False      2.64    2.52    0.13 2.00e-01 2.50e+01 3.97e-01
  ... (remaining 552 not shown)

  Planarity restraints: 1189
  Sorted by residual:
                                 delta    sigma   weight rms_deltas residual
  plane pdb=" C   LEU C  63 "    0.024 5.00e-02 4.00e+02   3.61e-02 2.09e+00
        pdb=" N   PRO C  64 "   -0.062 5.00e-02 4.00e+02
        pdb=" CA  PRO C  64 "    0.018 5.00e-02 4.00e+02
        pdb=" CD  PRO C  64 "    0.020 5.00e-02 4.00e+02
                                 delta    sigma   weight rms_deltas residual
  plane pdb=" CA  LYS A  26 "    0.006 2.00e-02 2.50e+03   1.16e-02 1.35e+00
        pdb=" C   LYS A  26 "   -0.020 2.00e-02 2.50e+03
        pdb=" O   LYS A  26 "    0.008 2.00e-02 2.50e+03
        pdb=" N   ARG A  27 "    0.007 2.00e-02 2.50e+03
                                 delta    sigma   weight rms_deltas residual
  plane pdb=" CA  ALA A  28 "   -0.006 2.00e-02 2.50e+03   1.16e-02 1.34e+00
        pdb=" C   ALA A  28 "    0.020 2.00e-02 2.50e+03
        pdb=" O   ALA A  28 "   -0.007 2.00e-02 2.50e+03
        pdb=" N   TYR A  29 "   -0.007 2.00e-02 2.50e+03
  ... (remaining 1186 not shown)

  Histogram of nonbonded interaction distances:
        1.29 -     2.01: 166
        2.01 -     2.73: 13880
        2.73 -     3.46: 27316
        3.46 -     4.18: 37410
        4.18 -     4.90: 61578
  Nonbonded interactions: 140350
  Sorted by model distance:
  nonbonded pdb=" HZ2 LYS A 106 "
            pdb=" O   GLY C 118 "
     model   vdw sym.op.
     1.289 1.970 x-1,y,z
  nonbonded pdb=" O   ILE C  67 "
            pdb=" H   GLN C  71 "
     model   vdw
     1.605 1.970
  nonbonded pdb=" HG3 GLU C   3 "
            pdb=" H   HIS C   6 "
     model   vdw
     1.629 2.270
  nonbonded pdb=" O   GLN D  69 "
            pdb=" H   ALA D  73 "
     model   vdw
     1.663 1.970
  nonbonded pdb=" O   GLU B  66 "
            pdb=" H   ALA B  70 "
     model   vdw
     1.668 1.970
  ... (remaining 140345 not shown)

  NOTE: a complete listing of the restraints can be obtained by requesting
        output of .geo file.

                   ----------xray_structure summary----------                  

Number of scattering types: 5
  Type Number    sf(0)   Gaussians
   Se     28     33.92       2
   O     703      7.97       1
   N     700      6.97       2
   C    2325      5.97       2
   H    3829      1.00       2
  sf(0) = scattering factor at diffraction angle 0.
Number of scatterers: 7585
At special positions: 0
Unit cell: (43.901, 54.353, 59.629, 69.673, 81.926, 72.565)
Space group: P 1 (No. 1)

End of input processing
   input {
     xray_data {
       file_name = /scratch/m_zhen01/3459.libra00/01/2oeq_refine_001.mtz
       labels = None
       high_resolution = None
       low_resolution = None
       outliers_rejection = True
       french_wilson_scale = True
       french_wilson {
         max_bins = 60
         min_bin_size = 40
       }
       sigma_fobs_rejection_criterion = None
       sigma_iobs_rejection_criterion = None
       ignore_all_zeros = True
       force_anomalous_flag_to_be_equal_to = None
       convert_to_non_anomalous_if_ratio_pairs_lone_less_than_threshold = 0.5
       r_free_flags {
         file_name = None
         label = None
         test_flag_value = None
         ignore_r_free_flags = False
         disable_suitability_test = False
         ignore_pdb_hexdigest = False
         generate = False
         fraction = 0.1
         max_free = 2000
         lattice_symmetry_max_delta = 5
         use_lattice_symmetry = True
         use_dataman_shells = False
         n_shells = 20
       }
     }
     pdb {
       file_name = /scratch/m_zhen01/3459.libra00/03/2oeq_complete.pdb
     }
     monomers {
       file_name = None
     }
     maps {
       map_file_name = None
       d_min = None
       map_coefficients_file_name = None
       map_coefficients_label = None
     }
     sequence = None
     scattering_table = wk1995 it1992 *n_gaussian neutron electron
     wavelength = None
     energy = None
     twin_law = None
   }
   sf_algorithm = *direct fft
   restraints = *cctbx qm
   qm_calculator = mopac terachem turbomole *pyscf
   mopac_paras = None
   mode = opt *refine
   number_of_macro_cycles = 50
   number_of_micro_cycles = 50
   data_weight = None
   output_file_name_prefix = None
   output_folder_name = ./04_cctbx/
   use_convergence_test = True
   update_all_scales = True
   refinement_target_name = *ml ls_wunit_k1
   max_bond_rmsd = 0.03
   use_r_free = True
   r_tolerance = 0.001
   rmsd_tolerance = 0.01
   refine_sites = True
   refine_adp = False
   shake_sites = true
   use_cluster_qm = false
   charge_embedding = False
   clustering_method = gnc *bcc
   charge = -5
   max_atoms = 10000
Total model structure factor:
  F_model = k_total * (F_calc + k_mask * F_mask)

    k_total = k_isotropic * k_anisotropic
   Resolution    Compl Nwork Nfree R_work    <Fobs>  <Fmodel> kiso   kani kmask
 34.168-13.435   97.12    93     8 0.2692   113.962   112.243 0.619 0.989 0.416
 13.414-10.804   98.02    93     6 0.1388   154.010   151.444 0.527 0.985 0.375
 10.802-8.685    98.40   167    18 0.1457   146.078   146.403 0.503 0.982 0.370
  8.682-6.984    99.49   353    34 0.1770   102.036   100.622 0.476 0.976 0.370
  6.981-5.619    99.59   646    74 0.2582    66.499    64.294 0.436 0.967 0.370
  5.611-4.514    99.64  1240   137 0.2128    85.342    82.969 0.436 0.952 0.370
  4.513-3.629    99.44  2385   273 0.2390    79.866    75.734 0.479 0.931 0.245
  3.629-2.900    98.94  4740   560 0.3120    44.894    41.647 0.479 0.895 0.063

r_work=0.2514 r_free=0.3074
start:   0 Rw: 0.2514 Rf: 0.3074 rmsd(b):  0.0932 restraints_weight_scale:  1.0
  Distorted at micro_cycle: 0
  quadruple restraints_weight_scale, start a new macro cycle
  Distorted at micro_cycle: 1
  quadruple restraints_weight_scale, start a new macro cycle
macro_cycle:   1 Rw: 0.1921 Rf: 0.3272 rmsd(b):  0.0261 restraints_weight_scale: 16.0
 Convergence at micro_cycle: 20
macro_cycle:   2 Rw: 0.1983 Rf: 0.3196 rmsd(b):  0.0142 restraints_weight_scale: 32.0
 Convergence at micro_cycle: 10
macro_cycle:   3 Rw: 0.2104 Rf: 0.3149 rmsd(b):  0.0078 restraints_weight_scale: 64.0
 Convergence at macro_cycle: 5
Best r_work: 0.2104 r_free: 0.3149
See 2oeq_complete_refined.pdb in ./04_cctbx/ folder.
Time: 692.3596
