/home/m/m_zhen01/my_gromacs_4.6/lib:/home/m/m_zhen01:/home/m/m_zhen01/TeraChem1.9/TeraChem/lib:/usr/qc/cuda-7.5/lib64:/usr/qc/cuda-7.5/lib:/usr/lib64/mpi/gcc/openmpi/lib64:/usr/qc/openmpi-1.8.8/lib64:/usr/qc/cuda-7.5/lib64:/usr/qc/cuda-7.5/lib:/home/m/m_zhen01/pyscf_exe/pyscf/lib/deps/lib:/lib:/lib64:/home/m/m_zhen01/MOPAC2016_for_Linux_64_bit:/home/m/m_zhen01/MOPAC2016_for_Linux_64_bit/Linux_mopac_cuda_5.5_libs/mopac_cuda_5.5_libs:=/home/m/m_zhen01/jdk1.8.0_91/jre/lib/amd64:=/home/m/m_zhen01/jdk1.8.0_91/jre/lib/amd64/server:/home/m/m_zhen01/phenix_babel/lib:/usr/qc/openmpi-1.8.8/lib64
/home/m/m_zhen01/pyscf_exe::/home/m/m_zhen01/JPype1-0.6.0-phenix/lib/python2.7/site-packages/:/home/m/m_zhen01/Girvan-Newman/:/home/m/m_zhen01/pymol/modules:/home/m/m_zhen01/my_numpy:/home/m/m_zhen01/my_numpy/lib64/python2.7/site-packages:/home/m/m_zhen01/phenix_babel/lib64/python2.7/site-packages

============================== Collecting inputs ==============================


                   ----------Processing X-ray data----------                   

F-obs:
  /scratch/m_zhen01/3460.libra00/01/3dtj_refine_001.mtz:F-obs,SIGF-obs
Miller array info: /scratch/m_zhen01/3460.libra00/01/3dtj_refine_001.mtz:F-obs,SIGF-obs
Observation type: xray.amplitude
Type of data: double, size=2158
Type of sigmas: double, size=2158
Number of Miller indices: 2158
Anomalous flag: False
Unit cell: (51.603, 51.675, 51.797, 109.942, 108.484, 110.02)
Space group: P 1 (No. 1)
Systematic absences: 0
Centric reflections: 0
Resolution range: 29.6959 3.95827
Completeness in resolution range: 0.605839
Completeness with d_max=infinity: 0.604651
Wavelength: 1.0000

Number of F-obs in resolution range:                   2158
Number of F-obs<0 (these reflections will be rejected): 0
Number of F-obs=0 (these reflections will be used in refinement): 0
Refinement resolution range: d_max =  29.6959
                             d_min =   3.9583

R-free flags:
  /scratch/m_zhen01/3460.libra00/01/3dtj_refine_001.mtz:R-free-flags
Miller array info: /scratch/m_zhen01/3460.libra00/01/3dtj_refine_001.mtz:R-free-flags
Observation type: None
Type of data: int, size=2158
Type of sigmas: None
Number of Miller indices: 2158
Anomalous flag: False
Unit cell: (51.603, 51.675, 51.797, 109.942, 108.484, 110.02)
Space group: P 1 (No. 1)
Systematic absences: 0
Centric reflections: 0
Resolution range: 29.6959 3.95827
Completeness in resolution range: 0.605839
Completeness with d_max=infinity: 0.604651
Wavelength: 1.0000

Test (R-free flags) flag value: 1

Number of work/free reflections by resolution:
                                      work free  %free
  bin  1: 29.6967 -  8.4681 [217/342]  198   19   8.8%
  bin  2:  8.4681 -  6.7473 [224/381]  205   19   8.5%
  bin  3:  6.7473 -  5.9020 [225/347]  212   13   5.8%
  bin  4:  5.9020 -  5.3658 [245/379]  230   15   6.1%
  bin  5:  5.3658 -  4.9832 [212/338]  197   15   7.1%
  bin  6:  4.9832 -  4.6906 [204/339]  193   11   5.4%
  bin  7:  4.6906 -  4.4565 [220/378]  196   24  10.9%
  bin  8:  4.4565 -  4.2631 [235/349]  221   14   6.0%
  bin  9:  4.2631 -  4.0994 [235/393]  203   32  13.6%
  bin 10:  4.0994 -  3.9583 [141/316]  125   16  11.3%
                              overall 1980  178   8.2%

                   ----------Processing PDB file(s)----------                  

  Monomer Library directory:
    "/home/m/m_zhen01/phenix-installer-dev-2497/phenix-dev-2497/modules/chem_data/mon_lib"
  Total number of atoms: 4608
  Number of models: 1
  Model: ""
    Number of chains: 4
    Chain: "A"
      Number of atoms: 1152
      Number of conformers: 1
      Conformer: ""
        Number of residues, atoms: 73, 1152
          Classifications: {'peptide': 73}
          Modifications used: {'COO': 1, 'NH3': 1}
          Link IDs: {'PTRANS': 4, 'TRANS': 68}
    Chain: "B"
      Number of atoms: 1152
      Number of conformers: 1
      Conformer: ""
        Number of residues, atoms: 73, 1152
          Classifications: {'peptide': 73}
          Modifications used: {'COO': 1, 'NH3': 1}
          Link IDs: {'PTRANS': 4, 'TRANS': 68}
    Chain: "C"
      Number of atoms: 1152
      Number of conformers: 1
      Conformer: ""
        Number of residues, atoms: 73, 1152
          Classifications: {'peptide': 73}
          Modifications used: {'COO': 1, 'NH3': 1}
          Link IDs: {'PTRANS': 4, 'TRANS': 68}
    Chain: "D"
      Number of atoms: 1152
      Number of conformers: 1
      Conformer: ""
        Number of residues, atoms: 73, 1152
          Classifications: {'peptide': 73}
          Modifications used: {'COO': 1, 'NH3': 1}
          Link IDs: {'PTRANS': 4, 'TRANS': 68}
  Time building chain proxies: 1.23, per 1000 atoms: 0.27
  Number of scatterers: 4608
  At special positions: 0
  Unit cell: (51.603, 51.675, 51.797, 109.942, 108.484, 110.02)
  Space group: P 1 (No. 1)
  Number of sites at special positions: 0
  Number of scattering types: 5
    Type Number    sf(0)
     S      20     16.00
     O     440      8.00
     N     396      7.00
     C    1436      6.00
     H    2316      1.00
    sf(0) = scattering factor at diffraction angle 0.

  Number of disulfides: simple=0, symmetry=0

  Automatic linking
    Parameters for automatic linking
      Linking & cutoffs
        Metal                : False - 3.50
        Amimo acid           : False - 1.90
        Carbohydrate         : True  - 1.99
        Ligands              : True  - 1.99
        Amino acid - RNA/DNA : False
      
  Number of custom bonds: simple=0, symmetry=0
  Time building additional restraints: 0.95
  Conformation dependent library (CDL) restraints added in 72.4 milliseconds
  
  Adding C-beta torsion restraints...
  Number of C-beta restraints generated:  552

  Time building geometry restraints manager: 1.06 seconds

  NOTE: a complete listing of the restraints can be obtained by requesting
        output of .geo file.

  Histogram of bond lengths:
        0.84 -     1.03: 2308
        1.03 -     1.23: 12
        1.23 -     1.43: 913
        1.43 -     1.62: 1379
        1.62 -     1.82: 32
  Bond restraints: 4644
  Sorted by residual:
  bond pdb=" CB  GLN C 179 "
       pdb=" CG  GLN C 179 "
    ideal  model  delta    sigma   weight residual
    1.520  1.394  0.126 3.00e-02 1.11e+03 1.75e+01
  bond pdb=" CG  GLN A 179 "
       pdb=" CD  GLN A 179 "
    ideal  model  delta    sigma   weight residual
    1.516  1.606 -0.090 2.50e-02 1.60e+03 1.31e+01
  bond pdb=" CD  GLN A 179 "
       pdb=" NE2 GLN A 179 "
    ideal  model  delta    sigma   weight residual
    1.328  1.271  0.057 2.10e-02 2.27e+03 7.24e+00
  bond pdb=" CB  GLN A 179 "
       pdb=" CG  GLN A 179 "
    ideal  model  delta    sigma   weight residual
    1.520  1.597 -0.077 3.00e-02 1.11e+03 6.64e+00
  bond pdb=" CG  GLN C 179 "
       pdb=" CD  GLN C 179 "
    ideal  model  delta    sigma   weight residual
    1.516  1.453  0.063 2.50e-02 1.60e+03 6.26e+00
  ... (remaining 4639 not shown)

  Histogram of bond angle deviations from ideal:
       71.47 -    90.86: 3
       90.86 -   110.25: 4507
      110.25 -   129.63: 3903
      129.63 -   149.02: 8
      149.02 -   168.40: 3
  Bond angle restraints: 8424
  Sorted by residual:
  angle pdb=" C   GLN A 179 "
        pdb=" CA  GLN A 179 "
        pdb=" CB  GLN A 179 "
      ideal   model   delta    sigma   weight residual
     110.85  167.05  -56.20 1.70e+00 3.46e-01 1.09e+03
  angle pdb=" CG  GLN A 179 "
        pdb=" CD  GLN A 179 "
        pdb=" NE2 GLN A 179 "
      ideal   model   delta    sigma   weight residual
     116.40   71.47   44.93 1.50e+00 4.44e-01 8.97e+02
  angle pdb=" CG  GLN C 179 "
        pdb=" CD  GLN C 179 "
        pdb=" NE2 GLN C 179 "
      ideal   model   delta    sigma   weight residual
     116.40   77.31   39.09 1.50e+00 4.44e-01 6.79e+02
  angle pdb=" CG  GLN A 179 "
        pdb=" CD  GLN A 179 "
        pdb=" OE1 GLN A 179 "
      ideal   model   delta    sigma   weight residual
     120.80  168.40  -47.60 2.00e+00 2.50e-01 5.67e+02
  angle pdb=" N   GLN A 179 "
        pdb=" CA  GLN A 179 "
        pdb=" CB  GLN A 179 "
      ideal   model   delta    sigma   weight residual
     110.16   79.50   30.66 1.48e+00 4.57e-01 4.29e+02
  ... (remaining 8419 not shown)

  Histogram of dihedral angle deviations from ideal:
        0.00 -    26.83: 1751
       26.83 -    53.65: 85
       53.65 -    80.48: 10
       80.48 -   107.30: 2
      107.30 -   134.13: 4
  Dihedral angle restraints: 1852
    sinusoidal: 908
      harmonic: 944
  Sorted by residual:
  dihedral pdb=" C   GLN A 179 "
           pdb=" N   GLN A 179 "
           pdb=" CA  GLN A 179 "
           pdb=" CB  GLN A 179 "
      ideal   model   delta  harmonic     sigma   weight residual
    -122.60 -169.68   47.08     0      2.50e+00 1.60e-01 3.55e+02
  dihedral pdb=" CB  GLU B 175 "
           pdb=" CG  GLU B 175 "
           pdb=" CD  GLU B 175 "
           pdb=" OE1 GLU B 175 "
      ideal   model   delta sinusoidal    sigma   weight residual
       0.00  134.13 -134.13     1      3.00e+01 1.11e-03 1.81e+01
  dihedral pdb=" CB  GLU D 175 "
           pdb=" CG  GLU D 175 "
           pdb=" CD  GLU D 175 "
           pdb=" OE1 GLU D 175 "
      ideal   model   delta sinusoidal    sigma   weight residual
       0.00  132.11 -132.11     1      3.00e+01 1.11e-03 1.78e+01
  ... (remaining 1849 not shown)

  Histogram of chiral volume deviations from ideal:
       0.000 -    0.389: 355
       0.389 -    0.778: 0
       0.778 -    1.167: 0
       1.167 -    1.556: 0
       1.556 -    1.945: 1
  Chirality restraints: 356
  Sorted by residual:
  chirality pdb=" CA  GLN A 179 "
            pdb=" N   GLN A 179 "
            pdb=" C   GLN A 179 "
            pdb=" CB  GLN A 179 "
    both_signs  ideal   model   delta    sigma   weight residual
      False      2.51    0.57    1.95 2.00e-01 2.50e+01 9.46e+01
  chirality pdb=" CA  PRO B 196 "
            pdb=" N   PRO B 196 "
            pdb=" C   PRO B 196 "
            pdb=" CB  PRO B 196 "
    both_signs  ideal   model   delta    sigma   weight residual
      False      2.72    2.59    0.13 2.00e-01 2.50e+01 4.05e-01
  chirality pdb=" CA  PRO A 196 "
            pdb=" N   PRO A 196 "
            pdb=" C   PRO A 196 "
            pdb=" CB  PRO A 196 "
    both_signs  ideal   model   delta    sigma   weight residual
      False      2.72    2.60    0.12 2.00e-01 2.50e+01 3.51e-01
  ... (remaining 353 not shown)

  Planarity restraints: 716
  Sorted by residual:
                                 delta    sigma   weight rms_deltas residual
  plane pdb=" CG  GLN C 179 "    0.084 2.00e-02 2.50e+03   1.27e-01 1.60e+02
        pdb=" CD  GLN C 179 "   -0.213 2.00e-02 2.50e+03
        pdb=" OE1 GLN C 179 "    0.105 2.00e-02 2.50e+03
        pdb=" NE2 GLN C 179 "    0.024 2.00e-02 2.50e+03
                                 delta    sigma   weight rms_deltas residual
  plane pdb=" CG  GLN A 179 "   -0.041 2.00e-02 2.50e+03   5.56e-02 3.09e+01
        pdb=" CD  GLN A 179 "    0.089 2.00e-02 2.50e+03
        pdb=" OE1 GLN A 179 "   -0.051 2.00e-02 2.50e+03
        pdb=" NE2 GLN A 179 "    0.003 2.00e-02 2.50e+03
                                 delta    sigma   weight rms_deltas residual
  plane pdb=" C   SER A 178 "   -0.013 2.00e-02 2.50e+03   2.41e-02 5.79e+00
        pdb=" N   GLN A 179 "    0.041 2.00e-02 2.50e+03
        pdb=" CA  GLN A 179 "   -0.011 2.00e-02 2.50e+03
        pdb=" H   GLN A 179 "   -0.018 2.00e-02 2.50e+03
  ... (remaining 713 not shown)

  Histogram of nonbonded interaction distances:
        1.61 -     2.27: 833
        2.27 -     2.93: 11646
        2.93 -     3.58: 15480
        3.58 -     4.24: 22372
        4.24 -     4.90: 34631
  Nonbonded interactions: 84962
  Sorted by model distance:
  nonbonded pdb=" H   GLN A 179 "
            pdb=" HB3 GLN A 179 "
     model   vdw
     1.612 2.270
  nonbonded pdb=" HH  TYR C 169 "
            pdb=" OG1 THR C 186 "
     model   vdw
     1.621 1.970
  nonbonded pdb=" NE2 GLN C 179 "
            pdb=" HG2 GLN C 179 "
     model   vdw
     1.655 2.256
  nonbonded pdb=" NE2 GLN A 179 "
            pdb=" HG2 GLN A 179 "
     model   vdw
     1.709 2.256
  nonbonded pdb=" HH  TYR D 169 "
            pdb=" OG1 THR D 186 "
     model   vdw
     1.717 1.970
  ... (remaining 84957 not shown)

  NOTE: a complete listing of the restraints can be obtained by requesting
        output of .geo file.

                   ----------xray_structure summary----------                  

Number of scattering types: 5
  Type Number    sf(0)   Gaussians
   S      20     15.91       1
   O     440      7.97       1
   N     396      6.97       1
   C    1436      5.97       1
   H    2316      1.00       1
  sf(0) = scattering factor at diffraction angle 0.
Number of scatterers: 4608
At special positions: 0
Unit cell: (51.603, 51.675, 51.797, 109.942, 108.484, 110.02)
Space group: P 1 (No. 1)

End of input processing
   input {
     xray_data {
       file_name = /scratch/m_zhen01/3460.libra00/01/3dtj_refine_001.mtz
       labels = None
       high_resolution = None
       low_resolution = None
       outliers_rejection = True
       french_wilson_scale = True
       french_wilson {
         max_bins = 60
         min_bin_size = 40
       }
       sigma_fobs_rejection_criterion = None
       sigma_iobs_rejection_criterion = None
       ignore_all_zeros = True
       force_anomalous_flag_to_be_equal_to = None
       convert_to_non_anomalous_if_ratio_pairs_lone_less_than_threshold = 0.5
       r_free_flags {
         file_name = None
         label = None
         test_flag_value = None
         ignore_r_free_flags = False
         disable_suitability_test = False
         ignore_pdb_hexdigest = False
         generate = False
         fraction = 0.1
         max_free = 2000
         lattice_symmetry_max_delta = 5
         use_lattice_symmetry = True
         use_dataman_shells = False
         n_shells = 20
       }
     }
     pdb {
       file_name = /scratch/m_zhen01/3460.libra00/03/3dtj_complete.pdb
     }
     monomers {
       file_name = None
     }
     maps {
       map_file_name = None
       d_min = None
       map_coefficients_file_name = None
       map_coefficients_label = None
     }
     sequence = None
     scattering_table = wk1995 it1992 *n_gaussian neutron electron
     wavelength = None
     energy = None
     twin_law = None
   }
   sf_algorithm = *direct fft
   restraints = *cctbx qm
   qm_calculator = mopac terachem turbomole *pyscf
   mopac_paras = None
   mode = opt *refine
   number_of_macro_cycles = 50
   number_of_micro_cycles = 50
   data_weight = None
   output_file_name_prefix = None
   output_folder_name = ./04_cctbx/
   use_convergence_test = True
   update_all_scales = True
   refinement_target_name = *ml ls_wunit_k1
   max_bond_rmsd = 0.03
   use_r_free = True
   r_tolerance = 0.001
   rmsd_tolerance = 0.01
   refine_sites = True
   refine_adp = False
   shake_sites = true
   use_cluster_qm = false
   charge_embedding = False
   clustering_method = gnc *bcc
   charge = 0
   max_atoms = 10000
Total model structure factor:
  F_model = k_total * (F_calc + k_mask * F_mask)

    k_total = k_isotropic * k_anisotropic
   Resolution    Compl Nwork Nfree R_work    <Fobs>  <Fmodel> kiso   kani kmask
 29.696-11.740   77.52    88    12 0.2399   366.103   353.455 2.109 1.080 0.326
 11.735-8.877    55.25    94     6 0.2506   293.354   284.176 2.067 1.059 0.277
  8.868-6.715    58.69   230    20 0.3120   185.284   181.041 2.080 1.020 0.275
  6.673-5.064    64.89   591    43 0.3317   104.698   100.969 1.915 0.942 0.230
  5.064-3.958    58.12   977    97 0.3389    88.300    83.176 2.118 0.827 0.120

r_work=0.3099 r_free=0.3531
start:   0 Rw: 0.3099 Rf: 0.3531 rmsd(b):  0.0925 restraints_weight_scale:  1.0
  Distorted at micro_cycle: 0
  quadruple restraints_weight_scale, start a new macro cycle
  Distorted at micro_cycle: 5
  quadruple restraints_weight_scale, start a new macro cycle
 Convergence at micro_cycle: 11
macro_cycle:   1 Rw: 0.1193 Rf: 0.4010 rmsd(b):  0.0297 restraints_weight_scale: 16.0
 Convergence at micro_cycle: 14
macro_cycle:   2 Rw: 0.1429 Rf: 0.3735 rmsd(b):  0.0185 restraints_weight_scale: 32.0
 Convergence at micro_cycle: 41
macro_cycle:   3 Rw: 0.1671 Rf: 0.3683 rmsd(b):  0.0115 restraints_weight_scale: 64.0
 Convergence at micro_cycle: 42
macro_cycle:   4 Rw: 0.1909 Rf: 0.3576 rmsd(b):  0.0062 restraints_weight_scale: 128.0
 Convergence at macro_cycle: 6
Best r_work: 0.1909 r_free: 0.3576
See 3dtj_complete_refined.pdb in ./04_cctbx/ folder.
Time: 349.9914
